Environment Variables:

ALLUSERSPROFILE=C:\Documents and Settings\All Users
AMPLE_PATH=C:\MentorGraphics\2007.8EE\SDD_HOME\hssd\analysis\lib\qexp\mgc\userware
APPDATA=C:\Documents and Settings\mag\Application Data
CDSROOT=C:\Cadence\SPB_16.01
CDS_LIC_FILE=5280@ibanez;5280@lmserv-cam1;5280@lmserv-cam2
CHDL_LIB_INST_DIR=C:\Cadence\SPB_16.01
CommonProgramFiles=C:\Program Files\Common Files
COMPUTERNAME=WORK-MAG
ComSpec=C:\WINDOWS\system32\cmd.exe
CONCEPT_INST_DIR=C:\Cadence\SPB_16.01
CORE_INSTALLED=Y
CURCONFIGNAME=PCB
CURDESIGNNAME=PCB_Layout_Temp
CURPROJNAME=
CURPROJPATH=
cvsroot=cvs:/net/cvs/usr/local/cvs
DRC_SITE_DIR=C:\MentorGraphics\2007.8EE\SDD_HOME\hssd\quietexpert\drc\standard
DRC_UMR_DIR=C:\MentorGraphics\2007.8EE\SDD_HOME\hssd\quietexpert\drc\umr
DX_ROOT=C:\MentorGraphics\2007.8EE\SDD_HOME\sim\DxSim\
ELDO_FLOW=sim
EMACS_DIR=c:\bin\Gnu\emacs\emacs-21.3
epdarglist=/PrjPath "H:\PCB100-199\PCB100_Jaguar_CU48_ref_board\Rev1\Layout\working\working\pcb100-01.prj" /SnapshotName "PCB_Layout_Temp" /TopBlockName "PCB" /Context ExpeditionPCB
EXBIT_CONFIGURATION_DIRECTORY=M:
EXB_SITE=Copenhagen
FP_NO_HOST_CHECK=NO
GW2ODB_DIR=C:\Valor\GW2ODB
HOME=U:\Cadence\WDIR
HOMEDRIVE=C:
HOMEPATH=\Documents and Settings\mag
HYP_HOME=C:\MentorGraphics\2009HL\SDD_HOME\hyperlynx
LMC_HOME=C:\altera\10.0\quartus\eda\sim_lib\excalibur\swift
LM_LICENSE_FILE=C:\Cadence\SPB_15.5.1\IntelliCAD 4\\cadopia.dat
LOGONSERVER=\\AD-DK2
MAKE_MODE=UNIX
MGC_DISABLE_GERBER_MACRO=1
MGC_HOME=C:/MentorGraphics/2007.8EE/MGC_HOME.ixn
MGC_HOMEBS=C:\MentorGraphics\2007.8EE\MGC_HOME.ixn
MGC_IO_DESIGNER_HOME=C:\MentorGraphics\2007.8EE\SDD_HOME\IODesigner
MGC_PCB_FILE_PATH_FOR_ICDB_DESIGN=H:\PCB100-199\PCB100_Jaguar_CU48_ref_board\Rev1\Layout\working\working\PCB\pcb100-01.pcb
MGLS_LICENSE_FILE=1717@ibanez;1717@lmserv-cam1;1717@lmserv-cam2;1717@lmserv-cam3
MG_LIB=C:\altera\10.0\quartus\eda\sim_lib\excalibur\stripe_model_nt\modelgen\manager\WinNT\MM
MG_MODEL_PATH=C:\altera\10.0\quartus\eda\sim_lib\excalibur\stripe_model_nt\modelgen\models
MG_MODEL_REV=r0
NUMBER_OF_PROCESSORS=1
OrcadFA_Path=C:\MentorGraphics\2007.8EE\SDD_HOME\wg\win32\bin
OS=Windows_NT
Path=C:\MentorGraphics\2007.8EE\SDD_HOME\xe\win32\lib;C:\MentorGraphics\2007.8EE\SDD_HOME\wg\win32\lib;C:\MentorGraphics\2007.8EE\SDD_HOME\common\win32\bin;C:\MentorGraphics\2007.8EE\SDD_HOME\common\win32\lib;C:\MentorGraphics\Licensing\;C:\Cadence\SPB_16.01\tools\fet\bin;C:\Cadence\SPB_16.01\tools\bin;C:\Cadence\SPB_16.01\tools\Capture;C:\Cadence\SPB_16.01\tools\pcb\bin;C:/MentorGraphics/2007.8EE/MGC_HOME.ixn/bin;C:/MentorGraphics/2007.8EE/MGC_HOME.ixn/lib;C:\MentorGraphics\2007.8EE\MGC_HOME.ixn\bin;C:\MentorGraphics\2007.8EE\MGC_HOME.ixn\lib;C:\altera\10.0\quartus\bin;C:\altera\10.0\quartus\eda\sim_lib\excalibur\swift\lib\pcnt.lib;C:\altera\quartus41\bin;c:\bin\exbit.etc;c:\bat;C:\bin\CYGWIN\BIN;
PATHEXT=.COM;.EXE;.BAT;.CMD;.VBS;.VBE;.JS;.JSE;.WSF;.WSH;.PSC1
perlinterp=C:\MentorGraphics\2007.8EE\SDD_HOME\common\win32\perl\bin\perl
PROCESSOR_ARCHITECTURE=x86
PROCESSOR_IDENTIFIER=x86 Family 15 Model 4 Stepping 1, GenuineIntel
PROCESSOR_LEVEL=15
PROCESSOR_REVISION=0401
ProgramFiles=C:\Program Files
PROMPT=$P$G
PSPICEMODEL_PATH=C:\OrCAD\OrCAD_10.0_Demo\tools\PSpice\Library
QESS_PLATFORM=bin
QESS_ROOTDIR=C:\altera\quartus41
QUADBIN=C:\MentorGraphics\2007.8EE\SDD_HOME\hssd\analysis\exec\nt_4
QUADHOME=C:\MentorGraphics\2007.8EE\SDD_HOME\hssd\analysis
QUARTUS_ROOTDIR=C:\altera\10.0\quartus
SDD_CES=ces
SDD_CES_BIN=C:\MentorGraphics\2007.8EE\SDD_HOME\ces\win32\bin
SDD_COMMON_BIN=C:\MentorGraphics\2007.8EE\SDD_HOME\common\win32\bin
SDD_DX=dx
SDD_DXSIM=dxsim
SDD_HOME=C:\MentorGraphics\2007.8EE\SDD_HOME
SDD_HSSD=hssd
SDD_ICDB=iCDB
SDD_IOD=IODesigner
SDD_JAVA_HOME=C:\MentorGraphics\2007.8EE\SDD_HOME\common\win32\jre\default\bin\javaw.exe
SDD_LM=lm
SDD_LM_BIN=C:\MentorGraphics\2007.8EE\SDD_HOME\lm\win32\bin
SDD_LOCAL=C:\Documents and Settings\All Users\Application Data\mgc\2007.8EE
SDD_MGC_HOME=..\MGC_HOME.ixn
SDD_PCBIND=pcbind
SDD_PLATFORM=win32
SDD_QE=qe
SDD_RF=rf
SDD_SIM=sim
SDD_START=start
SDD_STARTBAT=start /b /wait
SDD_SU=SmartUtilities
SDD_TRN=translators
SDD_VERSION=2007.8EE
SDD_VIEWER_HOME=C:/MentorGraphics/2007.8EE/MGC_HOME.ixn\lib
SDD_VLPERL_BIN=C:\MentorGraphics\2007.8EE\SDD_HOME\common\win32\perl\bin
SDD_WDBSERVER_HOME=C:/MentorGraphics/2007.8EE/MGC_HOME.ixn\lib
SDD_WG=wg
SDD_WV=wv
SDD_XE=xe
SELPROJ=
SESSIONNAME=Console
SystemDrive=C:
SystemRoot=C:\WINDOWS
TEMP=C:\DOCUME~1\mag\LOCALS~1\Temp
TMP=C:\DOCUME~1\mag\LOCALS~1\Temp
UATDATA=C:\WINDOWS\system32\CCM\UATData\D9F8C395-CAB8-491d-B8AC-179A1FE1BE77
USERDNSDOMAIN=VITESSE.COM
USERDOMAIN=VITESSE
USERNAME=mag
USERPROFILE=C:\Documents and Settings\mag
VUV_EDIR=C:\Valor\VUV
VUV_TMP=C:\Valor\VUV/tmp
WDIR=U:\Mentor\WDIR;C:\MentorGraphics\2007.8EE\SDD_HOME\standard
WF_CLASSPATH=C:\MentorGraphics\2007.8EE\SDD_HOME\common\win32\lib
windir=C:\WINDOWS
XILINX=C:\Xilinx\10.1\ISE
