Thu Oct 19 15:25:07 2006

Note: EnetGenAdapter::Init(C:\jobs\Vitesse\translations\Denmark\PCB063-02-XX_EXP\PCB\Work\Layout_Temp\\)
Note: EnetGenAdapter::PreUpdate(C:\jobs\Vitesse\translations\Denmark\PCB063-02-XX_EXP\PCB\Work\Layout_Temp\\)
Note: EnetGenAdapter::Update(C:\jobs\Vitesse\translations\Denmark\PCB063-02-XX_EXP\PCB\Work\Layout_Temp\\)
Warning: Electrical net 5V^^^ has more physical nets than the threshold. One or more of the nets may be a power net. Electrical nets will not be generated.
Note: EnetGenAdapter::PostUpdate(1, C:\jobs\Vitesse\translations\Denmark\PCB063-02-XX_EXP\PCB\Work\Layout_Temp\\)
Note: EnetGenAdapter::PostSave(1, C:\jobs\Vitesse\translations\Denmark\PCB063-02-XX_EXP\PCB\Work\Layout_Temp\\)
Note:   Data IS modified.
Thu Oct 19 15:25:09 2006

Note: EnetGenAdapter::Init(C:\jobs\Vitesse\translations\Denmark\PCB063-02-XX_EXP\PCB\Work\Layout_Temp\\)
Tue Feb 26 14:35:17 2008

Note: EnetGenAdapter::Init(H:\PCB001-099\PCB076_Luton28_Enzo_ref_board\Rev1\Layout\PCB063-02-XX_EXP.old\PCB\Work\Layout_Temp\\)
Note: EnetGenAdapter::PreUpdate(H:\PCB001-099\PCB076_Luton28_Enzo_ref_board\Rev1\Layout\PCB063-02-XX_EXP.old\PCB\Work\Layout_Temp\\)
Note: EnetGenAdapter::Update(H:\PCB001-099\PCB076_Luton28_Enzo_ref_board\Rev1\Layout\PCB063-02-XX_EXP.old\PCB\Work\Layout_Temp\\)
Note: EnetGenAdapter::PostUpdate(1, H:\PCB001-099\PCB076_Luton28_Enzo_ref_board\Rev1\Layout\PCB063-02-XX_EXP.old\PCB\Work\Layout_Temp\\)
Note: EnetGenAdapter::PostSave(1, H:\PCB001-099\PCB076_Luton28_Enzo_ref_board\Rev1\Layout\PCB063-02-XX_EXP.old\PCB\Work\Layout_Temp\\)
Note:   Data IS modified.
Tue Feb 26 14:35:23 2008

Note: EnetGenAdapter::Init(H:\PCB001-099\PCB076_Luton28_Enzo_ref_board\Rev1\Layout\PCB063-02-XX_EXP.old\PCB\Work\Layout_Temp\\)
Note: EnetGenAdapter::PreSave(H:\PCB001-099\PCB076_Luton28_Enzo_ref_board\Rev1\Layout\PCB063-02-XX_EXP.old\PCB\Work\Layout_Temp\\)
Note: EnetGenAdapter::PostSave(1, H:\PCB001-099\PCB076_Luton28_Enzo_ref_board\Rev1\Layout\PCB063-02-XX_EXP.old\PCB\Work\Layout_Temp\\)
Note:   Data IS NOT modified.
Tue Feb 26 15:11:46 2008

Note: EnetGenAdapter::Init(H:\PCB001-099\PCB076_Luton28_Enzo_ref_board\Rev1\Layout\PCB063-02-XX_EXP.old\PCB\Work\Layout_Temp\\)
Note: EnetGenAdapter::PreUpdate(H:\PCB001-099\PCB076_Luton28_Enzo_ref_board\Rev1\Layout\PCB063-02-XX_EXP.old\PCB\Work\Layout_Temp\\)
Note: EnetGenAdapter::Update(H:\PCB001-099\PCB076_Luton28_Enzo_ref_board\Rev1\Layout\PCB063-02-XX_EXP.old\PCB\Work\Layout_Temp\\)
Note: EnetGenAdapter::PostUpdate(1, H:\PCB001-099\PCB076_Luton28_Enzo_ref_board\Rev1\Layout\PCB063-02-XX_EXP.old\PCB\Work\Layout_Temp\\)
Note: EnetGenAdapter::PostSave(1, H:\PCB001-099\PCB076_Luton28_Enzo_ref_board\Rev1\Layout\PCB063-02-XX_EXP.old\PCB\Work\Layout_Temp\\)
Note:   Data IS modified.
Tue Feb 26 15:11:56 2008

Note: EnetGenAdapter::Init(H:\PCB001-099\PCB076_Luton28_Enzo_ref_board\Rev1\Layout\PCB063-02-XX_EXP.old\PCB\Work\Layout_Temp\\)
Note: EnetGenAdapter::PreSave(H:\PCB001-099\PCB076_Luton28_Enzo_ref_board\Rev1\Layout\PCB063-02-XX_EXP.old\PCB\Work\Layout_Temp\\)
Note: EnetGenAdapter::PostSave(1, H:\PCB001-099\PCB076_Luton28_Enzo_ref_board\Rev1\Layout\PCB063-02-XX_EXP.old\PCB\Work\Layout_Temp\\)
Note:   Data IS NOT modified.
Wed Feb 27 10:08:01 2008

Note: EnetGenAdapter::Init(H:\PCB001-099\PCB076_Luton28_Enzo_ref_board\Rev1\Layout\PCB063-02-XX_EXP.old\PCB\Work\Layout_Temp\\)
Note: EnetGenAdapter::PreUpdate(H:\PCB001-099\PCB076_Luton28_Enzo_ref_board\Rev1\Layout\PCB063-02-XX_EXP.old\PCB\Work\Layout_Temp\\)
Note: EnetGenAdapter::Update(H:\PCB001-099\PCB076_Luton28_Enzo_ref_board\Rev1\Layout\PCB063-02-XX_EXP.old\PCB\Work\Layout_Temp\\)
Note: EnetGenAdapter::PostUpdate(1, H:\PCB001-099\PCB076_Luton28_Enzo_ref_board\Rev1\Layout\PCB063-02-XX_EXP.old\PCB\Work\Layout_Temp\\)
Note: EnetGenAdapter::PostSave(1, H:\PCB001-099\PCB076_Luton28_Enzo_ref_board\Rev1\Layout\PCB063-02-XX_EXP.old\PCB\Work\Layout_Temp\\)
Note:   Data IS modified.
Wed Feb 27 10:08:07 2008

Note: EnetGenAdapter::Init(H:\PCB001-099\PCB076_Luton28_Enzo_ref_board\Rev1\Layout\PCB063-02-XX_EXP.old\PCB\Work\Layout_Temp\\)
Wed Feb 27 10:14:50 2008

Note: EnetGenAdapter::Init(H:\PCB001-099\PCB076_Luton28_Enzo_ref_board\Rev1\Layout\PCB063-02-XX_EXP.old\PCB\Work\Layout_Temp\\)
Note: EnetGenAdapter::PreUpdate(H:\PCB001-099\PCB076_Luton28_Enzo_ref_board\Rev1\Layout\PCB063-02-XX_EXP.old\PCB\Work\Layout_Temp\\)
Note: EnetGenAdapter::Update(H:\PCB001-099\PCB076_Luton28_Enzo_ref_board\Rev1\Layout\PCB063-02-XX_EXP.old\PCB\Work\Layout_Temp\\)
Note: EnetGenAdapter::PostUpdate(1, H:\PCB001-099\PCB076_Luton28_Enzo_ref_board\Rev1\Layout\PCB063-02-XX_EXP.old\PCB\Work\Layout_Temp\\)
Note: EnetGenAdapter::PostSave(1, H:\PCB001-099\PCB076_Luton28_Enzo_ref_board\Rev1\Layout\PCB063-02-XX_EXP.old\PCB\Work\Layout_Temp\\)
Note:   Data IS modified.
Wed Feb 27 10:14:55 2008

Note: EnetGenAdapter::Init(H:\PCB001-099\PCB076_Luton28_Enzo_ref_board\Rev1\Layout\PCB063-02-XX_EXP.old\PCB\Work\Layout_Temp\\)
Wed Feb 27 11:28:59 2008

Note: EnetGenAdapter::Init(H:\PCB001-099\PCB076_Luton28_Enzo_ref_board\Rev1\Layout\PCB063-02-XX_EXP.old\PCB\Work\Layout_Temp\\)
Note: EnetGenAdapter::PreUpdate(H:\PCB001-099\PCB076_Luton28_Enzo_ref_board\Rev1\Layout\PCB063-02-XX_EXP.old\PCB\Work\Layout_Temp\\)
Note: EnetGenAdapter::Update(H:\PCB001-099\PCB076_Luton28_Enzo_ref_board\Rev1\Layout\PCB063-02-XX_EXP.old\PCB\Work\Layout_Temp\\)
Note: EnetGenAdapter::PostUpdate(1, H:\PCB001-099\PCB076_Luton28_Enzo_ref_board\Rev1\Layout\PCB063-02-XX_EXP.old\PCB\Work\Layout_Temp\\)
Note: EnetGenAdapter::PostSave(1, H:\PCB001-099\PCB076_Luton28_Enzo_ref_board\Rev1\Layout\PCB063-02-XX_EXP.old\PCB\Work\Layout_Temp\\)
Note:   Data IS modified.
Wed Feb 27 11:29:06 2008

Note: EnetGenAdapter::Init(H:\PCB001-099\PCB076_Luton28_Enzo_ref_board\Rev1\Layout\PCB063-02-XX_EXP.old\PCB\Work\Layout_Temp\\)
Wed Feb 27 11:40:09 2008

Note: EnetGenAdapter::Init(H:\PCB001-099\PCB076_Luton28_Enzo_ref_board\Rev1\Layout\PCB063-02-XX_EXP.old\PCB\Work\Layout_Temp\\)
Note: EnetGenAdapter::PreUpdate(H:\PCB001-099\PCB076_Luton28_Enzo_ref_board\Rev1\Layout\PCB063-02-XX_EXP.old\PCB\Work\Layout_Temp\\)
Note: EnetGenAdapter::Update(H:\PCB001-099\PCB076_Luton28_Enzo_ref_board\Rev1\Layout\PCB063-02-XX_EXP.old\PCB\Work\Layout_Temp\\)
Note: EnetGenAdapter::PostUpdate(1, H:\PCB001-099\PCB076_Luton28_Enzo_ref_board\Rev1\Layout\PCB063-02-XX_EXP.old\PCB\Work\Layout_Temp\\)
Note: EnetGenAdapter::PostSave(1, H:\PCB001-099\PCB076_Luton28_Enzo_ref_board\Rev1\Layout\PCB063-02-XX_EXP.old\PCB\Work\Layout_Temp\\)
Note:   Data IS modified.
Wed Feb 27 11:40:14 2008

Note: EnetGenAdapter::Init(H:\PCB001-099\PCB076_Luton28_Enzo_ref_board\Rev1\Layout\PCB063-02-XX_EXP.old\PCB\Work\Layout_Temp\\)
Wed Feb 27 13:14:53 2008

Note: EnetGenAdapter::Init(H:\PCB001-099\PCB076_Luton28_Enzo_ref_board\Rev1\Layout\PCB063-02-XX_EXP.old\PCB\Work\Layout_Temp\\)
Note: EnetGenAdapter::PreUpdate(H:\PCB001-099\PCB076_Luton28_Enzo_ref_board\Rev1\Layout\PCB063-02-XX_EXP.old\PCB\Work\Layout_Temp\\)
Note: EnetGenAdapter::Update(H:\PCB001-099\PCB076_Luton28_Enzo_ref_board\Rev1\Layout\PCB063-02-XX_EXP.old\PCB\Work\Layout_Temp\\)
Note: EnetGenAdapter::PostUpdate(1, H:\PCB001-099\PCB076_Luton28_Enzo_ref_board\Rev1\Layout\PCB063-02-XX_EXP.old\PCB\Work\Layout_Temp\\)
Note: EnetGenAdapter::PostSave(1, H:\PCB001-099\PCB076_Luton28_Enzo_ref_board\Rev1\Layout\PCB063-02-XX_EXP.old\PCB\Work\Layout_Temp\\)
Note:   Data IS modified.
Wed Feb 27 13:14:59 2008

Note: EnetGenAdapter::Init(H:\PCB001-099\PCB076_Luton28_Enzo_ref_board\Rev1\Layout\PCB063-02-XX_EXP.old\PCB\Work\Layout_Temp\\)
Wed Feb 27 13:22:25 2008

Note: EnetGenAdapter::Init(H:\PCB001-099\PCB076_Luton28_Enzo_ref_board\Rev1\Layout\PCB063-02-XX_EXP.old\PCB\Work\Layout_Temp\\)
Note: EnetGenAdapter::PreUpdate(H:\PCB001-099\PCB076_Luton28_Enzo_ref_board\Rev1\Layout\PCB063-02-XX_EXP.old\PCB\Work\Layout_Temp\\)
Note: EnetGenAdapter::Update(H:\PCB001-099\PCB076_Luton28_Enzo_ref_board\Rev1\Layout\PCB063-02-XX_EXP.old\PCB\Work\Layout_Temp\\)
Note: EnetGenAdapter::PostUpdate(1, H:\PCB001-099\PCB076_Luton28_Enzo_ref_board\Rev1\Layout\PCB063-02-XX_EXP.old\PCB\Work\Layout_Temp\\)
Note: EnetGenAdapter::PostSave(1, H:\PCB001-099\PCB076_Luton28_Enzo_ref_board\Rev1\Layout\PCB063-02-XX_EXP.old\PCB\Work\Layout_Temp\\)
Note:   Data IS modified.
Wed Feb 27 13:22:30 2008

Note: EnetGenAdapter::Init(H:\PCB001-099\PCB076_Luton28_Enzo_ref_board\Rev1\Layout\PCB063-02-XX_EXP.old\PCB\Work\Layout_Temp\\)
Note: EnetGenAdapter::PreSave(H:\PCB001-099\PCB076_Luton28_Enzo_ref_board\Rev1\Layout\PCB063-02-XX_EXP.old\PCB\Work\Layout_Temp\\)
Note: EnetGenAdapter::PostSave(1, H:\PCB001-099\PCB076_Luton28_Enzo_ref_board\Rev1\Layout\PCB063-02-XX_EXP.old\PCB\Work\Layout_Temp\\)
Note:   Data IS NOT modified.
Wed Feb 27 13:28:25 2008

Note: EnetGenAdapter::Init(H:\PCB001-099\PCB076_Luton28_Enzo_ref_board\Rev1\Layout\PCB063-02-XX_EXP.old\PCB\Work\Layout_Temp\\)
Note: EnetGenAdapter::PreUpdate(H:\PCB001-099\PCB076_Luton28_Enzo_ref_board\Rev1\Layout\PCB063-02-XX_EXP.old\PCB\Work\Layout_Temp\\)
Note: EnetGenAdapter::Update(H:\PCB001-099\PCB076_Luton28_Enzo_ref_board\Rev1\Layout\PCB063-02-XX_EXP.old\PCB\Work\Layout_Temp\\)
Note: EnetGenAdapter::PostUpdate(1, H:\PCB001-099\PCB076_Luton28_Enzo_ref_board\Rev1\Layout\PCB063-02-XX_EXP.old\PCB\Work\Layout_Temp\\)
Note: EnetGenAdapter::PostSave(1, H:\PCB001-099\PCB076_Luton28_Enzo_ref_board\Rev1\Layout\PCB063-02-XX_EXP.old\PCB\Work\Layout_Temp\\)
Note:   Data IS modified.
Wed Feb 27 13:28:31 2008

Note: EnetGenAdapter::Init(H:\PCB001-099\PCB076_Luton28_Enzo_ref_board\Rev1\Layout\PCB063-02-XX_EXP.old\PCB\Work\Layout_Temp\\)
Note: EnetGenAdapter::PreSave(H:\PCB001-099\PCB076_Luton28_Enzo_ref_board\Rev1\Layout\PCB063-02-XX_EXP.old\PCB\Work\Layout_Temp\\)
Note: EnetGenAdapter::PostSave(1, H:\PCB001-099\PCB076_Luton28_Enzo_ref_board\Rev1\Layout\PCB063-02-XX_EXP.old\PCB\Work\Layout_Temp\\)
Note:   Data IS NOT modified.
Wed Feb 27 13:41:17 2008

Note: EnetGenAdapter::Init(H:\PCB001-099\PCB076_Luton28_Enzo_ref_board\Rev1\Layout\PCB063-02-XX_EXP.old\PCB\Work\Layout_Temp\\)
Note: EnetGenAdapter::PreUpdate(H:\PCB001-099\PCB076_Luton28_Enzo_ref_board\Rev1\Layout\PCB063-02-XX_EXP.old\PCB\Work\Layout_Temp\\)
Note: EnetGenAdapter::Update(H:\PCB001-099\PCB076_Luton28_Enzo_ref_board\Rev1\Layout\PCB063-02-XX_EXP.old\PCB\Work\Layout_Temp\\)
Note: EnetGenAdapter::PostUpdate(1, H:\PCB001-099\PCB076_Luton28_Enzo_ref_board\Rev1\Layout\PCB063-02-XX_EXP.old\PCB\Work\Layout_Temp\\)
Note: EnetGenAdapter::PostSave(1, H:\PCB001-099\PCB076_Luton28_Enzo_ref_board\Rev1\Layout\PCB063-02-XX_EXP.old\PCB\Work\Layout_Temp\\)
Note:   Data IS modified.
Wed Feb 27 13:41:23 2008

Note: EnetGenAdapter::Init(H:\PCB001-099\PCB076_Luton28_Enzo_ref_board\Rev1\Layout\PCB063-02-XX_EXP.old\PCB\Work\Layout_Temp\\)
Note: EnetGenAdapter::PreSave(H:\PCB001-099\PCB076_Luton28_Enzo_ref_board\Rev1\Layout\PCB063-02-XX_EXP.old\PCB\Work\Layout_Temp\\)
Note: EnetGenAdapter::PostSave(1, H:\PCB001-099\PCB076_Luton28_Enzo_ref_board\Rev1\Layout\PCB063-02-XX_EXP.old\PCB\Work\Layout_Temp\\)
Note:   Data IS NOT modified.
Wed Feb 27 13:59:16 2008

Note: EnetGenAdapter::Init(H:\PCB001-099\PCB076_Luton28_Enzo_ref_board\Rev1\Layout\PCB063-02-XX_EXP.old\PCB\Work\Layout_Temp\\)
Note: EnetGenAdapter::PreUpdate(H:\PCB001-099\PCB076_Luton28_Enzo_ref_board\Rev1\Layout\PCB063-02-XX_EXP.old\PCB\Work\Layout_Temp\\)
Note: EnetGenAdapter::Update(H:\PCB001-099\PCB076_Luton28_Enzo_ref_board\Rev1\Layout\PCB063-02-XX_EXP.old\PCB\Work\Layout_Temp\\)
Note: EnetGenAdapter::PostUpdate(1, H:\PCB001-099\PCB076_Luton28_Enzo_ref_board\Rev1\Layout\PCB063-02-XX_EXP.old\PCB\Work\Layout_Temp\\)
Note: EnetGenAdapter::PostSave(1, H:\PCB001-099\PCB076_Luton28_Enzo_ref_board\Rev1\Layout\PCB063-02-XX_EXP.old\PCB\Work\Layout_Temp\\)
Note:   Data IS modified.
Wed Feb 27 13:59:22 2008

Note: EnetGenAdapter::Init(H:\PCB001-099\PCB076_Luton28_Enzo_ref_board\Rev1\Layout\PCB063-02-XX_EXP.old\PCB\Work\Layout_Temp\\)
Note: EnetGenAdapter::PreSave(H:\PCB001-099\PCB076_Luton28_Enzo_ref_board\Rev1\Layout\PCB063-02-XX_EXP.old\PCB\Work\Layout_Temp\\)
Note: EnetGenAdapter::PostSave(1, H:\PCB001-099\PCB076_Luton28_Enzo_ref_board\Rev1\Layout\PCB063-02-XX_EXP.old\PCB\Work\Layout_Temp\\)
Note:   Data IS NOT modified.
Wed Feb 27 14:27:32 2008

Note: EnetGenAdapter::Init(H:\PCB001-099\PCB076_Luton28_Enzo_ref_board\Rev1\Layout\PCB063-02-XX_EXP.old\PCB\Work\Layout_Temp\\)
Note: EnetGenAdapter::PreUpdate(H:\PCB001-099\PCB076_Luton28_Enzo_ref_board\Rev1\Layout\PCB063-02-XX_EXP.old\PCB\Work\Layout_Temp\\)
Note: EnetGenAdapter::Update(H:\PCB001-099\PCB076_Luton28_Enzo_ref_board\Rev1\Layout\PCB063-02-XX_EXP.old\PCB\Work\Layout_Temp\\)
Note: EnetGenAdapter::PostUpdate(1, H:\PCB001-099\PCB076_Luton28_Enzo_ref_board\Rev1\Layout\PCB063-02-XX_EXP.old\PCB\Work\Layout_Temp\\)
Note: EnetGenAdapter::PostSave(1, H:\PCB001-099\PCB076_Luton28_Enzo_ref_board\Rev1\Layout\PCB063-02-XX_EXP.old\PCB\Work\Layout_Temp\\)
Note:   Data IS modified.
Wed Feb 27 14:27:37 2008

Note: EnetGenAdapter::Init(H:\PCB001-099\PCB076_Luton28_Enzo_ref_board\Rev1\Layout\PCB063-02-XX_EXP.old\PCB\Work\Layout_Temp\\)
Note: EnetGenAdapter::PreSave(H:\PCB001-099\PCB076_Luton28_Enzo_ref_board\Rev1\Layout\PCB063-02-XX_EXP.old\PCB\Work\Layout_Temp\\)
Note: EnetGenAdapter::PostSave(1, H:\PCB001-099\PCB076_Luton28_Enzo_ref_board\Rev1\Layout\PCB063-02-XX_EXP.old\PCB\Work\Layout_Temp\\)
Note:   Data IS NOT modified.
Wed Feb 27 14:31:07 2008

Note: EnetGenAdapter::Init(H:\PCB001-099\PCB076_Luton28_Enzo_ref_board\Rev1\Layout\PCB063-02-XX_EXP.old\PCB\Work\Layout_Temp\\)
Note: EnetGenAdapter::PreUpdate(H:\PCB001-099\PCB076_Luton28_Enzo_ref_board\Rev1\Layout\PCB063-02-XX_EXP.old\PCB\Work\Layout_Temp\\)
Note: EnetGenAdapter::Update(H:\PCB001-099\PCB076_Luton28_Enzo_ref_board\Rev1\Layout\PCB063-02-XX_EXP.old\PCB\Work\Layout_Temp\\)
Note: EnetGenAdapter::PostUpdate(1, H:\PCB001-099\PCB076_Luton28_Enzo_ref_board\Rev1\Layout\PCB063-02-XX_EXP.old\PCB\Work\Layout_Temp\\)
Note: EnetGenAdapter::PostSave(1, H:\PCB001-099\PCB076_Luton28_Enzo_ref_board\Rev1\Layout\PCB063-02-XX_EXP.old\PCB\Work\Layout_Temp\\)
Note:   Data IS modified.
Wed Feb 27 14:31:12 2008

Note: EnetGenAdapter::Init(H:\PCB001-099\PCB076_Luton28_Enzo_ref_board\Rev1\Layout\PCB063-02-XX_EXP.old\PCB\Work\Layout_Temp\\)
Note: EnetGenAdapter::PreSave(H:\PCB001-099\PCB076_Luton28_Enzo_ref_board\Rev1\Layout\PCB063-02-XX_EXP.old\PCB\Work\Layout_Temp\\)
Note: EnetGenAdapter::PostSave(1, H:\PCB001-099\PCB076_Luton28_Enzo_ref_board\Rev1\Layout\PCB063-02-XX_EXP.old\PCB\Work\Layout_Temp\\)
Note:   Data IS NOT modified.
Wed Feb 27 14:34:11 2008

Note: EnetGenAdapter::Init(H:\PCB001-099\PCB076_Luton28_Enzo_ref_board\Rev1\Layout\PCB063-02-XX_EXP.old\PCB\Work\Layout_Temp\\)
Note: EnetGenAdapter::PreUpdate(H:\PCB001-099\PCB076_Luton28_Enzo_ref_board\Rev1\Layout\PCB063-02-XX_EXP.old\PCB\Work\Layout_Temp\\)
Note: EnetGenAdapter::Update(H:\PCB001-099\PCB076_Luton28_Enzo_ref_board\Rev1\Layout\PCB063-02-XX_EXP.old\PCB\Work\Layout_Temp\\)
Note: EnetGenAdapter::PostUpdate(1, H:\PCB001-099\PCB076_Luton28_Enzo_ref_board\Rev1\Layout\PCB063-02-XX_EXP.old\PCB\Work\Layout_Temp\\)
Note: EnetGenAdapter::PostSave(1, H:\PCB001-099\PCB076_Luton28_Enzo_ref_board\Rev1\Layout\PCB063-02-XX_EXP.old\PCB\Work\Layout_Temp\\)
Note:   Data IS modified.
Wed Feb 27 14:34:17 2008

Note: EnetGenAdapter::Init(H:\PCB001-099\PCB076_Luton28_Enzo_ref_board\Rev1\Layout\PCB063-02-XX_EXP.old\PCB\Work\Layout_Temp\\)
Note: EnetGenAdapter::PreSave(H:\PCB001-099\PCB076_Luton28_Enzo_ref_board\Rev1\Layout\PCB063-02-XX_EXP.old\PCB\Work\Layout_Temp\\)
Note: EnetGenAdapter::PostSave(1, H:\PCB001-099\PCB076_Luton28_Enzo_ref_board\Rev1\Layout\PCB063-02-XX_EXP.old\PCB\Work\Layout_Temp\\)
Note:   Data IS NOT modified.
Wed Feb 27 14:37:58 2008

Note: EnetGenAdapter::Init(H:\PCB001-099\PCB076_Luton28_Enzo_ref_board\Rev1\Layout\PCB063-02-XX_EXP.old\PCB\Work\Layout_Temp\\)
Note: EnetGenAdapter::PreUpdate(H:\PCB001-099\PCB076_Luton28_Enzo_ref_board\Rev1\Layout\PCB063-02-XX_EXP.old\PCB\Work\Layout_Temp\\)
Note: EnetGenAdapter::Update(H:\PCB001-099\PCB076_Luton28_Enzo_ref_board\Rev1\Layout\PCB063-02-XX_EXP.old\PCB\Work\Layout_Temp\\)
Note: EnetGenAdapter::PostUpdate(1, H:\PCB001-099\PCB076_Luton28_Enzo_ref_board\Rev1\Layout\PCB063-02-XX_EXP.old\PCB\Work\Layout_Temp\\)
Note: EnetGenAdapter::PostSave(1, H:\PCB001-099\PCB076_Luton28_Enzo_ref_board\Rev1\Layout\PCB063-02-XX_EXP.old\PCB\Work\Layout_Temp\\)
Note:   Data IS modified.
Wed Feb 27 14:38:04 2008

Note: EnetGenAdapter::Init(H:\PCB001-099\PCB076_Luton28_Enzo_ref_board\Rev1\Layout\PCB063-02-XX_EXP.old\PCB\Work\Layout_Temp\\)
Note: EnetGenAdapter::PreSave(H:\PCB001-099\PCB076_Luton28_Enzo_ref_board\Rev1\Layout\PCB063-02-XX_EXP.old\PCB\Work\Layout_Temp\\)
Note: EnetGenAdapter::PostSave(1, H:\PCB001-099\PCB076_Luton28_Enzo_ref_board\Rev1\Layout\PCB063-02-XX_EXP.old\PCB\Work\Layout_Temp\\)
Note:   Data IS NOT modified.
Thu Feb 28 13:21:02 2008

Note: EnetGenAdapter::Init(H:\PCB001-099\PCB076_Luton28_Enzo_ref_board\Rev1\Layout\PCB063-02-XX_EXP.old\PCB\Work\Layout_Temp\\)
Note: EnetGenAdapter::PreUpdate(H:\PCB001-099\PCB076_Luton28_Enzo_ref_board\Rev1\Layout\PCB063-02-XX_EXP.old\PCB\Work\Layout_Temp\\)
Note: EnetGenAdapter::Update(H:\PCB001-099\PCB076_Luton28_Enzo_ref_board\Rev1\Layout\PCB063-02-XX_EXP.old\PCB\Work\Layout_Temp\\)
Note: EnetGenAdapter::PostUpdate(1, H:\PCB001-099\PCB076_Luton28_Enzo_ref_board\Rev1\Layout\PCB063-02-XX_EXP.old\PCB\Work\Layout_Temp\\)
Note: EnetGenAdapter::PostSave(1, H:\PCB001-099\PCB076_Luton28_Enzo_ref_board\Rev1\Layout\PCB063-02-XX_EXP.old\PCB\Work\Layout_Temp\\)
Note:   Data IS modified.
Thu Feb 28 13:21:08 2008

Note: EnetGenAdapter::Init(H:\PCB001-099\PCB076_Luton28_Enzo_ref_board\Rev1\Layout\PCB063-02-XX_EXP.old\PCB\Work\Layout_Temp\\)
Note: EnetGenAdapter::PreSave(H:\PCB001-099\PCB076_Luton28_Enzo_ref_board\Rev1\Layout\PCB063-02-XX_EXP.old\PCB\Work\Layout_Temp\\)
Note: EnetGenAdapter::PostSave(1, H:\PCB001-099\PCB076_Luton28_Enzo_ref_board\Rev1\Layout\PCB063-02-XX_EXP.old\PCB\Work\Layout_Temp\\)
Note:   Data IS NOT modified.
Thu Feb 28 13:45:23 2008

Note: EnetGenAdapter::Init(H:\PCB001-099\PCB076_Luton28_Enzo_ref_board\Rev1\Layout\PCB063-02-XX_EXP.old\PCB\Work\Layout_Temp\\)
Note: EnetGenAdapter::PreUpdate(H:\PCB001-099\PCB076_Luton28_Enzo_ref_board\Rev1\Layout\PCB063-02-XX_EXP.old\PCB\Work\Layout_Temp\\)
Note: EnetGenAdapter::Update(H:\PCB001-099\PCB076_Luton28_Enzo_ref_board\Rev1\Layout\PCB063-02-XX_EXP.old\PCB\Work\Layout_Temp\\)
Note: EnetGenAdapter::PostUpdate(1, H:\PCB001-099\PCB076_Luton28_Enzo_ref_board\Rev1\Layout\PCB063-02-XX_EXP.old\PCB\Work\Layout_Temp\\)
Note: EnetGenAdapter::PostSave(1, H:\PCB001-099\PCB076_Luton28_Enzo_ref_board\Rev1\Layout\PCB063-02-XX_EXP.old\PCB\Work\Layout_Temp\\)
Note:   Data IS modified.
Thu Feb 28 13:45:29 2008

Note: EnetGenAdapter::Init(H:\PCB001-099\PCB076_Luton28_Enzo_ref_board\Rev1\Layout\PCB063-02-XX_EXP.old\PCB\Work\Layout_Temp\\)
Note: EnetGenAdapter::PreSave(H:\PCB001-099\PCB076_Luton28_Enzo_ref_board\Rev1\Layout\PCB063-02-XX_EXP.old\PCB\Work\Layout_Temp\\)
Note: EnetGenAdapter::PostSave(1, H:\PCB001-099\PCB076_Luton28_Enzo_ref_board\Rev1\Layout\PCB063-02-XX_EXP.old\PCB\Work\Layout_Temp\\)
Note:   Data IS NOT modified.
Thu Feb 28 13:54:49 2008

Note: EnetGenAdapter::Init(H:\PCB001-099\PCB076_Luton28_Enzo_ref_board\Rev1\Layout\PCB063-02-XX_EXP.old\PCB\Work\Layout_Temp\\)
Note: EnetGenAdapter::PreUpdate(H:\PCB001-099\PCB076_Luton28_Enzo_ref_board\Rev1\Layout\PCB063-02-XX_EXP.old\PCB\Work\Layout_Temp\\)
Note: EnetGenAdapter::Update(H:\PCB001-099\PCB076_Luton28_Enzo_ref_board\Rev1\Layout\PCB063-02-XX_EXP.old\PCB\Work\Layout_Temp\\)
Note: EnetGenAdapter::PostUpdate(1, H:\PCB001-099\PCB076_Luton28_Enzo_ref_board\Rev1\Layout\PCB063-02-XX_EXP.old\PCB\Work\Layout_Temp\\)
Note: EnetGenAdapter::PostSave(1, H:\PCB001-099\PCB076_Luton28_Enzo_ref_board\Rev1\Layout\PCB063-02-XX_EXP.old\PCB\Work\Layout_Temp\\)
Note:   Data IS modified.
Thu Feb 28 13:54:55 2008

Note: EnetGenAdapter::Init(H:\PCB001-099\PCB076_Luton28_Enzo_ref_board\Rev1\Layout\PCB063-02-XX_EXP.old\PCB\Work\Layout_Temp\\)
Note: EnetGenAdapter::PreSave(H:\PCB001-099\PCB076_Luton28_Enzo_ref_board\Rev1\Layout\PCB063-02-XX_EXP.old\PCB\Work\Layout_Temp\\)
Note: EnetGenAdapter::PostSave(1, H:\PCB001-099\PCB076_Luton28_Enzo_ref_board\Rev1\Layout\PCB063-02-XX_EXP.old\PCB\Work\Layout_Temp\\)
Note:   Data IS NOT modified.
Thu Feb 28 14:03:27 2008

Note: EnetGenAdapter::Init(H:\PCB001-099\PCB076_Luton28_Enzo_ref_board\Rev1\Layout\PCB063-02-XX_EXP.old\PCB\Work\Layout_Temp\\)
Note: EnetGenAdapter::PreUpdate(H:\PCB001-099\PCB076_Luton28_Enzo_ref_board\Rev1\Layout\PCB063-02-XX_EXP.old\PCB\Work\Layout_Temp\\)
Note: EnetGenAdapter::Update(H:\PCB001-099\PCB076_Luton28_Enzo_ref_board\Rev1\Layout\PCB063-02-XX_EXP.old\PCB\Work\Layout_Temp\\)
Note: EnetGenAdapter::PostUpdate(1, H:\PCB001-099\PCB076_Luton28_Enzo_ref_board\Rev1\Layout\PCB063-02-XX_EXP.old\PCB\Work\Layout_Temp\\)
Note: EnetGenAdapter::PostSave(1, H:\PCB001-099\PCB076_Luton28_Enzo_ref_board\Rev1\Layout\PCB063-02-XX_EXP.old\PCB\Work\Layout_Temp\\)
Note:   Data IS modified.
Thu Feb 28 14:03:33 2008

Note: EnetGenAdapter::Init(H:\PCB001-099\PCB076_Luton28_Enzo_ref_board\Rev1\Layout\PCB063-02-XX_EXP.old\PCB\Work\Layout_Temp\\)
Note: EnetGenAdapter::PreSave(H:\PCB001-099\PCB076_Luton28_Enzo_ref_board\Rev1\Layout\PCB063-02-XX_EXP.old\PCB\Work\Layout_Temp\\)
Note: EnetGenAdapter::PostSave(1, H:\PCB001-099\PCB076_Luton28_Enzo_ref_board\Rev1\Layout\PCB063-02-XX_EXP.old\PCB\Work\Layout_Temp\\)
Note:   Data IS NOT modified.
Thu Feb 28 14:13:06 2008

Note: EnetGenAdapter::Init(H:\PCB001-099\PCB076_Luton28_Enzo_ref_board\Rev1\Layout\PCB063-02-XX_EXP.old\PCB\Work\Layout_Temp\\)
Note: EnetGenAdapter::PreUpdate(H:\PCB001-099\PCB076_Luton28_Enzo_ref_board\Rev1\Layout\PCB063-02-XX_EXP.old\PCB\Work\Layout_Temp\\)
Note: EnetGenAdapter::Update(H:\PCB001-099\PCB076_Luton28_Enzo_ref_board\Rev1\Layout\PCB063-02-XX_EXP.old\PCB\Work\Layout_Temp\\)
Note: EnetGenAdapter::PostUpdate(1, H:\PCB001-099\PCB076_Luton28_Enzo_ref_board\Rev1\Layout\PCB063-02-XX_EXP.old\PCB\Work\Layout_Temp\\)
Note: EnetGenAdapter::PostSave(1, H:\PCB001-099\PCB076_Luton28_Enzo_ref_board\Rev1\Layout\PCB063-02-XX_EXP.old\PCB\Work\Layout_Temp\\)
Note:   Data IS modified.
Thu Feb 28 14:13:12 2008

Note: EnetGenAdapter::Init(H:\PCB001-099\PCB076_Luton28_Enzo_ref_board\Rev1\Layout\PCB063-02-XX_EXP.old\PCB\Work\Layout_Temp\\)
Note: EnetGenAdapter::PreSave(H:\PCB001-099\PCB076_Luton28_Enzo_ref_board\Rev1\Layout\PCB063-02-XX_EXP.old\PCB\Work\Layout_Temp\\)
Note: EnetGenAdapter::PostSave(1, H:\PCB001-099\PCB076_Luton28_Enzo_ref_board\Rev1\Layout\PCB063-02-XX_EXP.old\PCB\Work\Layout_Temp\\)
Note:   Data IS NOT modified.
Note: EnetGenAdapter::PostSave(1, H:\PCB001-099\PCB076_Luton28_Enzo_ref_board\Rev1\Layout\PCB063-02-XX_EXP.old\PCB\Work\Layout_Temp\\)
Note:   Data IS NOT modified.
Note: EnetGenAdapter::PreSave(H:\PCB001-099\PCB076_Luton28_Enzo_ref_board\Rev1\Layout\PCB063-02-XX_EXP.old\PCB\Work\Layout_Temp\\)
Note: EnetGenAdapter::PostSave(1, H:\PCB001-099\PCB076_Luton28_Enzo_ref_board\Rev1\Layout\PCB063-02-XX_EXP.old\PCB\Work\Layout_Temp\\)
Note:   Data IS NOT modified.
Note: EnetGenAdapter::PreSave(H:\PCB001-099\PCB076_Luton28_Enzo_ref_board\Rev1\Layout\PCB063-02-XX_EXP.old\PCB\Work\Layout_Temp\\)
Note: EnetGenAdapter::PostSave(1, H:\PCB001-099\PCB076_Luton28_Enzo_ref_board\Rev1\Layout\PCB063-02-XX_EXP.old\PCB\Work\Layout_Temp\\)
Note:   Data IS NOT modified.
Note: EnetGenAdapter::PreSave(H:\PCB001-099\PCB076_Luton28_Enzo_ref_board\Rev1\Layout\PCB063-02-XX_EXP.old\PCB\Work\Layout_Temp\\)
Note: EnetGenAdapter::PostSave(1, H:\PCB001-099\PCB076_Luton28_Enzo_ref_board\Rev1\Layout\PCB063-02-XX_EXP.old\PCB\Work\Layout_Temp\\)
Note:   Data IS NOT modified.
Thu Feb 28 16:14:25 2008

Note: EnetGenAdapter::Init(H:\PCB001-099\PCB076_Luton28_Enzo_ref_board\Rev1\Layout\PCB063-02-XX_EXP.old\PCB\Work\Layout_Temp\\)
Note: EnetGenAdapter::PreUpdate(H:\PCB001-099\PCB076_Luton28_Enzo_ref_board\Rev1\Layout\PCB063-02-XX_EXP.old\PCB\Work\Layout_Temp\\)
Note: EnetGenAdapter::Update(H:\PCB001-099\PCB076_Luton28_Enzo_ref_board\Rev1\Layout\PCB063-02-XX_EXP.old\PCB\Work\Layout_Temp\\)
Note: EnetGenAdapter::PostUpdate(1, H:\PCB001-099\PCB076_Luton28_Enzo_ref_board\Rev1\Layout\PCB063-02-XX_EXP.old\PCB\Work\Layout_Temp\\)
Note: EnetGenAdapter::PostSave(1, H:\PCB001-099\PCB076_Luton28_Enzo_ref_board\Rev1\Layout\PCB063-02-XX_EXP.old\PCB\Work\Layout_Temp\\)
Note:   Data IS modified.
Thu Feb 28 16:14:31 2008

Note: EnetGenAdapter::Init(H:\PCB001-099\PCB076_Luton28_Enzo_ref_board\Rev1\Layout\PCB063-02-XX_EXP.old\PCB\Work\Layout_Temp\\)
Note: EnetGenAdapter::PreSave(H:\PCB001-099\PCB076_Luton28_Enzo_ref_board\Rev1\Layout\PCB063-02-XX_EXP.old\PCB\Work\Layout_Temp\\)
Note: EnetGenAdapter::PostSave(1, H:\PCB001-099\PCB076_Luton28_Enzo_ref_board\Rev1\Layout\PCB063-02-XX_EXP.old\PCB\Work\Layout_Temp\\)
Note:   Data IS NOT modified.
Note: EnetGenAdapter::PreSave(H:\PCB001-099\PCB076_Luton28_Enzo_ref_board\Rev1\Layout\PCB063-02-XX_EXP.old\PCB\Work\Layout_Temp\\)
Note: EnetGenAdapter::PostSave(1, H:\PCB001-099\PCB076_Luton28_Enzo_ref_board\Rev1\Layout\PCB063-02-XX_EXP.old\PCB\Work\Layout_Temp\\)
Note:   Data IS NOT modified.
Note: EnetGenAdapter::PreSave(H:\PCB001-099\PCB076_Luton28_Enzo_ref_board\Rev1\Layout\PCB063-02-XX_EXP.old\PCB\Work\Layout_Temp\\)
Note: EnetGenAdapter::PostSave(1, H:\PCB001-099\PCB076_Luton28_Enzo_ref_board\Rev1\Layout\PCB063-02-XX_EXP.old\PCB\Work\Layout_Temp\\)
Note:   Data IS NOT modified.
Fri Feb 29 12:23:42 2008

Note: EnetGenAdapter::Init(H:\PCB001-099\PCB076_Luton28_Enzo_ref_board\Rev1\Layout\PCB063-02-XX_EXP.old\PCB\Work\Layout_Temp\\)
Note: EnetGenAdapter::PreUpdate(H:\PCB001-099\PCB076_Luton28_Enzo_ref_board\Rev1\Layout\PCB063-02-XX_EXP.old\PCB\Work\Layout_Temp\\)
Note: EnetGenAdapter::Update(H:\PCB001-099\PCB076_Luton28_Enzo_ref_board\Rev1\Layout\PCB063-02-XX_EXP.old\PCB\Work\Layout_Temp\\)
Note: EnetGenAdapter::PostUpdate(1, H:\PCB001-099\PCB076_Luton28_Enzo_ref_board\Rev1\Layout\PCB063-02-XX_EXP.old\PCB\Work\Layout_Temp\\)
Note: EnetGenAdapter::PostSave(1, H:\PCB001-099\PCB076_Luton28_Enzo_ref_board\Rev1\Layout\PCB063-02-XX_EXP.old\PCB\Work\Layout_Temp\\)
Note:   Data IS modified.
Fri Feb 29 12:23:49 2008

Note: EnetGenAdapter::Init(H:\PCB001-099\PCB076_Luton28_Enzo_ref_board\Rev1\Layout\PCB063-02-XX_EXP.old\PCB\Work\Layout_Temp\\)
Note: EnetGenAdapter::PreSave(H:\PCB001-099\PCB076_Luton28_Enzo_ref_board\Rev1\Layout\PCB063-02-XX_EXP.old\PCB\Work\Layout_Temp\\)
Note: EnetGenAdapter::PostSave(1, H:\PCB001-099\PCB076_Luton28_Enzo_ref_board\Rev1\Layout\PCB063-02-XX_EXP.old\PCB\Work\Layout_Temp\\)
Note:   Data IS NOT modified.
Note: EnetGenAdapter::PreSave(H:\PCB001-099\PCB076_Luton28_Enzo_ref_board\Rev1\Layout\PCB063-02-XX_EXP.old\PCB\Work\Layout_Temp\\)
Note: EnetGenAdapter::PostSave(1, H:\PCB001-099\PCB076_Luton28_Enzo_ref_board\Rev1\Layout\PCB063-02-XX_EXP.old\PCB\Work\Layout_Temp\\)
Note:   Data IS NOT modified.
Note: EnetGenAdapter::PreSave(H:\PCB001-099\PCB076_Luton28_Enzo_ref_board\Rev1\Layout\PCB063-02-XX_EXP.old\PCB\Work\Layout_Temp\\)
Note: EnetGenAdapter::PostSave(1, H:\PCB001-099\PCB076_Luton28_Enzo_ref_board\Rev1\Layout\PCB063-02-XX_EXP.old\PCB\Work\Layout_Temp\\)
Note:   Data IS NOT modified.
Note: EnetGenAdapter::PreSave(H:\PCB001-099\PCB076_Luton28_Enzo_ref_board\Rev1\Layout\PCB063-02-XX_EXP.old\PCB\Work\Layout_Temp\\)
Note: EnetGenAdapter::PostSave(1, H:\PCB001-099\PCB076_Luton28_Enzo_ref_board\Rev1\Layout\PCB063-02-XX_EXP.old\PCB\Work\Layout_Temp\\)
Note:   Data IS NOT modified.
Note: EnetGenAdapter::PreSave(H:\PCB001-099\PCB076_Luton28_Enzo_ref_board\Rev1\Layout\PCB063-02-XX_EXP.old\PCB\Work\Layout_Temp\\)
Note: EnetGenAdapter::PostSave(1, H:\PCB001-099\PCB076_Luton28_Enzo_ref_board\Rev1\Layout\PCB063-02-XX_EXP.old\PCB\Work\Layout_Temp\\)
Note:   Data IS NOT modified.
Note: EnetGenAdapter::PreSave(H:\PCB001-099\PCB076_Luton28_Enzo_ref_board\Rev1\Layout\PCB063-02-XX_EXP.old\PCB\Work\Layout_Temp\\)
Note: EnetGenAdapter::PostSave(1, H:\PCB001-099\PCB076_Luton28_Enzo_ref_board\Rev1\Layout\PCB063-02-XX_EXP.old\PCB\Work\Layout_Temp\\)
Note:   Data IS NOT modified.
Note: EnetGenAdapter::PreSave(H:\PCB001-099\PCB076_Luton28_Enzo_ref_board\Rev1\Layout\PCB063-02-XX_EXP.old\PCB\Work\Layout_Temp\\)
Note: EnetGenAdapter::PostSave(1, H:\PCB001-099\PCB076_Luton28_Enzo_ref_board\Rev1\Layout\PCB063-02-XX_EXP.old\PCB\Work\Layout_Temp\\)
Note:   Data IS NOT modified.
Fri Feb 29 21:39:23 2008

Note: EnetGenAdapter::Init(H:\PCB001-099\PCB076_Luton28_Enzo_ref_board\Rev1\Layout\PCB063-02-XX_EXP.old\PCB\Work\Layout_Temp\\)
Note: EnetGenAdapter::PreUpdate(H:\PCB001-099\PCB076_Luton28_Enzo_ref_board\Rev1\Layout\PCB063-02-XX_EXP.old\PCB\Work\Layout_Temp\\)
Note: EnetGenAdapter::Update(H:\PCB001-099\PCB076_Luton28_Enzo_ref_board\Rev1\Layout\PCB063-02-XX_EXP.old\PCB\Work\Layout_Temp\\)
Note: EnetGenAdapter::PostUpdate(1, H:\PCB001-099\PCB076_Luton28_Enzo_ref_board\Rev1\Layout\PCB063-02-XX_EXP.old\PCB\Work\Layout_Temp\\)
Note: EnetGenAdapter::PostSave(1, H:\PCB001-099\PCB076_Luton28_Enzo_ref_board\Rev1\Layout\PCB063-02-XX_EXP.old\PCB\Work\Layout_Temp\\)
Note:   Data IS modified.
Fri Feb 29 21:39:29 2008

Note: EnetGenAdapter::Init(H:\PCB001-099\PCB076_Luton28_Enzo_ref_board\Rev1\Layout\PCB063-02-XX_EXP.old\PCB\Work\Layout_Temp\\)
Fri Feb 29 22:25:12 2008

Note: EnetGenAdapter::Init(H:\PCB001-099\PCB076_Luton28_Enzo_ref_board\Rev1\Layout\PCB063-02-XX_EXP.old\PCB\Work\Layout_Temp\\)
Note: EnetGenAdapter::PreUpdate(H:\PCB001-099\PCB076_Luton28_Enzo_ref_board\Rev1\Layout\PCB063-02-XX_EXP.old\PCB\Work\Layout_Temp\\)
Note: EnetGenAdapter::Update(H:\PCB001-099\PCB076_Luton28_Enzo_ref_board\Rev1\Layout\PCB063-02-XX_EXP.old\PCB\Work\Layout_Temp\\)
Note: EnetGenAdapter::PostUpdate(1, H:\PCB001-099\PCB076_Luton28_Enzo_ref_board\Rev1\Layout\PCB063-02-XX_EXP.old\PCB\Work\Layout_Temp\\)
Note: EnetGenAdapter::PostSave(1, H:\PCB001-099\PCB076_Luton28_Enzo_ref_board\Rev1\Layout\PCB063-02-XX_EXP.old\PCB\Work\Layout_Temp\\)
Note:   Data IS modified.
Fri Feb 29 22:25:19 2008

Note: EnetGenAdapter::Init(H:\PCB001-099\PCB076_Luton28_Enzo_ref_board\Rev1\Layout\PCB063-02-XX_EXP.old\PCB\Work\Layout_Temp\\)
Note: EnetGenAdapter::PreSave(H:\PCB001-099\PCB076_Luton28_Enzo_ref_board\Rev1\Layout\PCB063-02-XX_EXP.old\PCB\Work\Layout_Temp\\)
Note: EnetGenAdapter::PostSave(1, H:\PCB001-099\PCB076_Luton28_Enzo_ref_board\Rev1\Layout\PCB063-02-XX_EXP.old\PCB\Work\Layout_Temp\\)
Note:   Data IS NOT modified.
Fri Feb 29 23:56:52 2008

Note: EnetGenAdapter::Init(H:\PCB001-099\PCB076_Luton28_Enzo_ref_board\Rev1\Layout\PCB063-02-XX_EXP.old\PCB\Work\Layout_Temp\\)
Note: EnetGenAdapter::PreUpdate(H:\PCB001-099\PCB076_Luton28_Enzo_ref_board\Rev1\Layout\PCB063-02-XX_EXP.old\PCB\Work\Layout_Temp\\)
Note: EnetGenAdapter::Update(H:\PCB001-099\PCB076_Luton28_Enzo_ref_board\Rev1\Layout\PCB063-02-XX_EXP.old\PCB\Work\Layout_Temp\\)
Note: EnetGenAdapter::PostUpdate(1, H:\PCB001-099\PCB076_Luton28_Enzo_ref_board\Rev1\Layout\PCB063-02-XX_EXP.old\PCB\Work\Layout_Temp\\)
Note: EnetGenAdapter::PostSave(1, H:\PCB001-099\PCB076_Luton28_Enzo_ref_board\Rev1\Layout\PCB063-02-XX_EXP.old\PCB\Work\Layout_Temp\\)
Note:   Data IS modified.
Fri Feb 29 23:57:03 2008

Note: EnetGenAdapter::Init(H:\PCB001-099\PCB076_Luton28_Enzo_ref_board\Rev1\Layout\PCB063-02-XX_EXP.old\PCB\Work\Layout_Temp\\)
Note: EnetGenAdapter::PreSave(H:\PCB001-099\PCB076_Luton28_Enzo_ref_board\Rev1\Layout\PCB063-02-XX_EXP.old\PCB\Work\Layout_Temp\\)
Note: EnetGenAdapter::PostSave(1, H:\PCB001-099\PCB076_Luton28_Enzo_ref_board\Rev1\Layout\PCB063-02-XX_EXP.old\PCB\Work\Layout_Temp\\)
Note:   Data IS NOT modified.
Note: EnetGenAdapter::PreSave(H:\PCB001-099\PCB076_Luton28_Enzo_ref_board\Rev1\Layout\PCB063-02-XX_EXP.old\PCB\Work\Layout_Temp\\)
Note: EnetGenAdapter::PostSave(1, H:\PCB001-099\PCB076_Luton28_Enzo_ref_board\Rev1\Layout\PCB063-02-XX_EXP.old\PCB\Work\Layout_Temp\\)
Note:   Data IS NOT modified.
Note: EnetGenAdapter::PreSave(H:\PCB001-099\PCB076_Luton28_Enzo_ref_board\Rev1\Layout\PCB063-02-XX_EXP.old\PCB\Work\Layout_Temp\\)
Note: EnetGenAdapter::PostSave(1, H:\PCB001-099\PCB076_Luton28_Enzo_ref_board\Rev1\Layout\PCB063-02-XX_EXP.old\PCB\Work\Layout_Temp\\)
Note:   Data IS NOT modified.
Note: EnetGenAdapter::PreSave(H:\PCB001-099\PCB076_Luton28_Enzo_ref_board\Rev1\Layout\PCB063-02-XX_EXP.old\PCB\Work\Layout_Temp\\)
Note: EnetGenAdapter::PostSave(1, H:\PCB001-099\PCB076_Luton28_Enzo_ref_board\Rev1\Layout\PCB063-02-XX_EXP.old\PCB\Work\Layout_Temp\\)
Note:   Data IS NOT modified.
Note: EnetGenAdapter::PreSave(H:\PCB001-099\PCB076_Luton28_Enzo_ref_board\Rev1\Layout\PCB063-02-XX_EXP.old\PCB\Work\Layout_Temp\\)
Note: EnetGenAdapter::PostSave(1, H:\PCB001-099\PCB076_Luton28_Enzo_ref_board\Rev1\Layout\PCB063-02-XX_EXP.old\PCB\Work\Layout_Temp\\)
Note:   Data IS NOT modified.
Note: EnetGenAdapter::PreSave(H:\PCB001-099\PCB076_Luton28_Enzo_ref_board\Rev1\Layout\PCB063-02-XX_EXP.old\PCB\Work\Layout_Temp\\)
Note: EnetGenAdapter::PostSave(1, H:\PCB001-099\PCB076_Luton28_Enzo_ref_board\Rev1\Layout\PCB063-02-XX_EXP.old\PCB\Work\Layout_Temp\\)
Note:   Data IS NOT modified.
Mon Mar 03 09:18:53 2008

Note: EnetGenAdapter::Init(H:\PCB001-099\PCB076_Luton28_Enzo_ref_board\Rev1\Layout\PCB063-02-XX_EXP.old\PCB\Work\Layout_Temp\\)
Note: EnetGenAdapter::PreUpdate(H:\PCB001-099\PCB076_Luton28_Enzo_ref_board\Rev1\Layout\PCB063-02-XX_EXP.old\PCB\Work\Layout_Temp\\)
Note: EnetGenAdapter::Update(H:\PCB001-099\PCB076_Luton28_Enzo_ref_board\Rev1\Layout\PCB063-02-XX_EXP.old\PCB\Work\Layout_Temp\\)
Note: EnetGenAdapter::PostUpdate(1, H:\PCB001-099\PCB076_Luton28_Enzo_ref_board\Rev1\Layout\PCB063-02-XX_EXP.old\PCB\Work\Layout_Temp\\)
Note: EnetGenAdapter::PostSave(1, H:\PCB001-099\PCB076_Luton28_Enzo_ref_board\Rev1\Layout\PCB063-02-XX_EXP.old\PCB\Work\Layout_Temp\\)
Note:   Data IS modified.
Mon Mar 03 09:19:04 2008

Note: EnetGenAdapter::Init(H:\PCB001-099\PCB076_Luton28_Enzo_ref_board\Rev1\Layout\PCB063-02-XX_EXP.old\PCB\Work\Layout_Temp\\)
Note: EnetGenAdapter::PreSave(H:\PCB001-099\PCB076_Luton28_Enzo_ref_board\Rev1\Layout\PCB063-02-XX_EXP.old\PCB\Work\Layout_Temp\\)
Note: EnetGenAdapter::PostSave(1, H:\PCB001-099\PCB076_Luton28_Enzo_ref_board\Rev1\Layout\PCB063-02-XX_EXP.old\PCB\Work\Layout_Temp\\)
Note:   Data IS NOT modified.
Note: EnetGenAdapter::PreSave(H:\PCB001-099\PCB076_Luton28_Enzo_ref_board\Rev1\Layout\PCB063-02-XX_EXP.old\PCB\Work\Layout_Temp\\)
Note: EnetGenAdapter::PostSave(1, H:\PCB001-099\PCB076_Luton28_Enzo_ref_board\Rev1\Layout\PCB063-02-XX_EXP.old\PCB\Work\Layout_Temp\\)
Note:   Data IS NOT modified.
Note: EnetGenAdapter::PreSave(H:\PCB001-099\PCB076_Luton28_Enzo_ref_board\Rev1\Layout\PCB063-02-XX_EXP.old\PCB\Work\Layout_Temp\\)
Note: EnetGenAdapter::PostSave(1, H:\PCB001-099\PCB076_Luton28_Enzo_ref_board\Rev1\Layout\PCB063-02-XX_EXP.old\PCB\Work\Layout_Temp\\)
Note:   Data IS NOT modified.
Note: EnetGenAdapter::PreSave(H:\PCB001-099\PCB076_Luton28_Enzo_ref_board\Rev1\Layout\PCB063-02-XX_EXP.old\PCB\Work\Layout_Temp\\)
Note: EnetGenAdapter::PostSave(1, H:\PCB001-099\PCB076_Luton28_Enzo_ref_board\Rev1\Layout\PCB063-02-XX_EXP.old\PCB\Work\Layout_Temp\\)
Note:   Data IS NOT modified.
Tue Mar 04 11:58:01 2008

Note: EnetGenAdapter::Init(H:\PCB001-099\PCB076_Luton28_Enzo_ref_board\Rev1\Layout\PCB063-02-XX_EXP.old\PCB\Work\Layout_Temp\\)
Note: EnetGenAdapter::PreUpdate(H:\PCB001-099\PCB076_Luton28_Enzo_ref_board\Rev1\Layout\PCB063-02-XX_EXP.old\PCB\Work\Layout_Temp\\)
Note: EnetGenAdapter::Update(H:\PCB001-099\PCB076_Luton28_Enzo_ref_board\Rev1\Layout\PCB063-02-XX_EXP.old\PCB\Work\Layout_Temp\\)
Note: EnetGenAdapter::PostUpdate(1, H:\PCB001-099\PCB076_Luton28_Enzo_ref_board\Rev1\Layout\PCB063-02-XX_EXP.old\PCB\Work\Layout_Temp\\)
Note: EnetGenAdapter::PostSave(1, H:\PCB001-099\PCB076_Luton28_Enzo_ref_board\Rev1\Layout\PCB063-02-XX_EXP.old\PCB\Work\Layout_Temp\\)
Note:   Data IS modified.
Tue Mar 04 11:58:10 2008

Note: EnetGenAdapter::Init(H:\PCB001-099\PCB076_Luton28_Enzo_ref_board\Rev1\Layout\PCB063-02-XX_EXP.old\PCB\Work\Layout_Temp\\)
Note: EnetGenAdapter::PreSave(H:\PCB001-099\PCB076_Luton28_Enzo_ref_board\Rev1\Layout\PCB063-02-XX_EXP.old\PCB\Work\Layout_Temp\\)
Note: EnetGenAdapter::PostSave(1, H:\PCB001-099\PCB076_Luton28_Enzo_ref_board\Rev1\Layout\PCB063-02-XX_EXP.old\PCB\Work\Layout_Temp\\)
Note:   Data IS NOT modified.
Wed Mar 05 11:26:35 2008

Note: EnetGenAdapter::Init(H:\PCB001-099\PCB076_Luton28_Enzo_ref_board\Rev1\Layout\PCB063-02-XX_EXP.old\PCB\Work\Layout_Temp\\)
Note: EnetGenAdapter::PreUpdate(H:\PCB001-099\PCB076_Luton28_Enzo_ref_board\Rev1\Layout\PCB063-02-XX_EXP.old\PCB\Work\Layout_Temp\\)
Note: EnetGenAdapter::Update(H:\PCB001-099\PCB076_Luton28_Enzo_ref_board\Rev1\Layout\PCB063-02-XX_EXP.old\PCB\Work\Layout_Temp\\)
Note: EnetGenAdapter::PostUpdate(1, H:\PCB001-099\PCB076_Luton28_Enzo_ref_board\Rev1\Layout\PCB063-02-XX_EXP.old\PCB\Work\Layout_Temp\\)
Note: EnetGenAdapter::PostSave(1, H:\PCB001-099\PCB076_Luton28_Enzo_ref_board\Rev1\Layout\PCB063-02-XX_EXP.old\PCB\Work\Layout_Temp\\)
Note:   Data IS modified.
Wed Mar 05 11:26:46 2008

Note: EnetGenAdapter::Init(H:\PCB001-099\PCB076_Luton28_Enzo_ref_board\Rev1\Layout\PCB063-02-XX_EXP.old\PCB\Work\Layout_Temp\\)
Note: EnetGenAdapter::PreSave(H:\PCB001-099\PCB076_Luton28_Enzo_ref_board\Rev1\Layout\PCB063-02-XX_EXP.old\PCB\Work\Layout_Temp\\)
Note: EnetGenAdapter::PostSave(1, H:\PCB001-099\PCB076_Luton28_Enzo_ref_board\Rev1\Layout\PCB063-02-XX_EXP.old\PCB\Work\Layout_Temp\\)
Note:   Data IS NOT modified.
Note: EnetGenAdapter::PreSave(H:\PCB001-099\PCB076_Luton28_Enzo_ref_board\Rev1\Layout\PCB063-02-XX_EXP.old\PCB\Work\Layout_Temp\\)
Note: EnetGenAdapter::PostSave(1, H:\PCB001-099\PCB076_Luton28_Enzo_ref_board\Rev1\Layout\PCB063-02-XX_EXP.old\PCB\Work\Layout_Temp\\)
Note:   Data IS NOT modified.
Wed Mar 05 12:28:51 2008

Note: EnetGenAdapter::Init(H:\PCB001-099\PCB076_Luton28_Enzo_ref_board\Rev1\Layout\PCB063-02-XX_EXP.old\PCB\Work\Layout_Temp\\)
Note: EnetGenAdapter::PreUpdate(H:\PCB001-099\PCB076_Luton28_Enzo_ref_board\Rev1\Layout\PCB063-02-XX_EXP.old\PCB\Work\Layout_Temp\\)
Note: EnetGenAdapter::Update(H:\PCB001-099\PCB076_Luton28_Enzo_ref_board\Rev1\Layout\PCB063-02-XX_EXP.old\PCB\Work\Layout_Temp\\)
Note: EnetGenAdapter::PostUpdate(1, H:\PCB001-099\PCB076_Luton28_Enzo_ref_board\Rev1\Layout\PCB063-02-XX_EXP.old\PCB\Work\Layout_Temp\\)
Note: EnetGenAdapter::PostSave(1, H:\PCB001-099\PCB076_Luton28_Enzo_ref_board\Rev1\Layout\PCB063-02-XX_EXP.old\PCB\Work\Layout_Temp\\)
Note:   Data IS modified.
Wed Mar 05 12:29:04 2008

Note: EnetGenAdapter::Init(H:\PCB001-099\PCB076_Luton28_Enzo_ref_board\Rev1\Layout\PCB063-02-XX_EXP.old\PCB\Work\Layout_Temp\\)
Note: EnetGenAdapter::PreSave(H:\PCB001-099\PCB076_Luton28_Enzo_ref_board\Rev1\Layout\PCB063-02-XX_EXP.old\PCB\Work\Layout_Temp\\)
Note: EnetGenAdapter::PostSave(1, H:\PCB001-099\PCB076_Luton28_Enzo_ref_board\Rev1\Layout\PCB063-02-XX_EXP.old\PCB\Work\Layout_Temp\\)
Note:   Data IS NOT modified.
Note: EnetGenAdapter::PreSave(H:\PCB001-099\PCB076_Luton28_Enzo_ref_board\Rev1\Layout\PCB063-02-XX_EXP.old\PCB\Work\Layout_Temp\\)
Note: EnetGenAdapter::PostSave(1, H:\PCB001-099\PCB076_Luton28_Enzo_ref_board\Rev1\Layout\PCB063-02-XX_EXP.old\PCB\Work\Layout_Temp\\)
Note:   Data IS NOT modified.
Fri Mar 07 10:53:37 2008

Note: EnetGenAdapter::Init(H:\PCB001-099\PCB076_Luton28_Enzo_ref_board\Rev1\Layout\Working\PCB\PCB\Work\Layout_Temp\\)
Note: EnetGenAdapter::PreUpdate(H:\PCB001-099\PCB076_Luton28_Enzo_ref_board\Rev1\Layout\Working\PCB\PCB\Work\Layout_Temp\\)
Note: EnetGenAdapter::Update(H:\PCB001-099\PCB076_Luton28_Enzo_ref_board\Rev1\Layout\Working\PCB\PCB\Work\Layout_Temp\\)
Warning: Electrical net 5V^^^ has more physical nets than the threshold. One or more of the nets may be a power net. Electrical nets will not be generated.
Warning: Electrical net N11810367^^^ has more physical nets than the threshold. One or more of the nets may be a power net. Electrical nets will not be generated.
Note: Net NIRQ0 has more than 25 pins. It may be an unspecified power net.
Note: EnetGenAdapter::PostUpdate(1, H:\PCB001-099\PCB076_Luton28_Enzo_ref_board\Rev1\Layout\Working\PCB\PCB\Work\Layout_Temp\\)
Note: EnetGenAdapter::PostSave(1, H:\PCB001-099\PCB076_Luton28_Enzo_ref_board\Rev1\Layout\Working\PCB\PCB\Work\Layout_Temp\\)
Note:   Data IS modified.
Fri Mar 07 10:53:49 2008

Note: EnetGenAdapter::Init(H:\PCB001-099\PCB076_Luton28_Enzo_ref_board\Rev1\Layout\Working\PCB\PCB\Work\Layout_Temp\\)
Fri Mar 07 11:22:57 2008

Note: EnetGenAdapter::Init(H:\PCB001-099\PCB076_Luton28_Enzo_ref_board\Rev1\Layout\Working\PCB\PCB\Work\Layout_Temp\\)
Note: EnetGenAdapter::PreUpdate(H:\PCB001-099\PCB076_Luton28_Enzo_ref_board\Rev1\Layout\Working\PCB\PCB\Work\Layout_Temp\\)
Note: EnetGenAdapter::Update(H:\PCB001-099\PCB076_Luton28_Enzo_ref_board\Rev1\Layout\Working\PCB\PCB\Work\Layout_Temp\\)
Warning: Electrical net 5V^^^ has more physical nets than the threshold. One or more of the nets may be a power net. Electrical nets will not be generated.
Warning: Electrical net N11810367^^^ has more physical nets than the threshold. One or more of the nets may be a power net. Electrical nets will not be generated.
Note: Net NIRQ0 has more than 25 pins. It may be an unspecified power net.
Note: EnetGenAdapter::PostUpdate(1, H:\PCB001-099\PCB076_Luton28_Enzo_ref_board\Rev1\Layout\Working\PCB\PCB\Work\Layout_Temp\\)
Note: EnetGenAdapter::PostSave(1, H:\PCB001-099\PCB076_Luton28_Enzo_ref_board\Rev1\Layout\Working\PCB\PCB\Work\Layout_Temp\\)
Note:   Data IS modified.
Fri Mar 07 11:23:08 2008

Note: EnetGenAdapter::Init(H:\PCB001-099\PCB076_Luton28_Enzo_ref_board\Rev1\Layout\Working\PCB\PCB\Work\Layout_Temp\\)
Note: EnetGenAdapter::PreSave(H:\PCB001-099\PCB076_Luton28_Enzo_ref_board\Rev1\Layout\Working\PCB\PCB\Work\Layout_Temp\\)
Note: EnetGenAdapter::PostSave(1, H:\PCB001-099\PCB076_Luton28_Enzo_ref_board\Rev1\Layout\Working\PCB\PCB\Work\Layout_Temp\\)
Note:   Data IS NOT modified.
Note: EnetGenAdapter::PreSave(H:\PCB001-099\PCB076_Luton28_Enzo_ref_board\Rev1\Layout\Working\PCB\PCB\Work\Layout_Temp\\)
Note: EnetGenAdapter::PostSave(1, H:\PCB001-099\PCB076_Luton28_Enzo_ref_board\Rev1\Layout\Working\PCB\PCB\Work\Layout_Temp\\)
Note:   Data IS NOT modified.
Fri Mar 07 11:33:21 2008

Note: EnetGenAdapter::Init(H:\PCB001-099\PCB076_Luton28_Enzo_ref_board\Rev1\Layout\Working\PCB\PCB\Work\Layout_Temp\\)
Note: EnetGenAdapter::PreUpdate(H:\PCB001-099\PCB076_Luton28_Enzo_ref_board\Rev1\Layout\Working\PCB\PCB\Work\Layout_Temp\\)
Note: EnetGenAdapter::Update(H:\PCB001-099\PCB076_Luton28_Enzo_ref_board\Rev1\Layout\Working\PCB\PCB\Work\Layout_Temp\\)
Warning: Electrical net 5V^^^ has more physical nets than the threshold. One or more of the nets may be a power net. Electrical nets will not be generated.
Warning: Electrical net N11810367^^^ has more physical nets than the threshold. One or more of the nets may be a power net. Electrical nets will not be generated.
Note: Net NIRQ0 has more than 25 pins. It may be an unspecified power net.
Note: EnetGenAdapter::PostUpdate(1, H:\PCB001-099\PCB076_Luton28_Enzo_ref_board\Rev1\Layout\Working\PCB\PCB\Work\Layout_Temp\\)
Note: EnetGenAdapter::PostSave(1, H:\PCB001-099\PCB076_Luton28_Enzo_ref_board\Rev1\Layout\Working\PCB\PCB\Work\Layout_Temp\\)
Note:   Data IS modified.
Fri Mar 07 11:33:34 2008

Note: EnetGenAdapter::Init(H:\PCB001-099\PCB076_Luton28_Enzo_ref_board\Rev1\Layout\Working\PCB\PCB\Work\Layout_Temp\\)
Note: EnetGenAdapter::PreSave(H:\PCB001-099\PCB076_Luton28_Enzo_ref_board\Rev1\Layout\Working\PCB\PCB\Work\Layout_Temp\\)
Note: EnetGenAdapter::PostSave(1, H:\PCB001-099\PCB076_Luton28_Enzo_ref_board\Rev1\Layout\Working\PCB\PCB\Work\Layout_Temp\\)
Note:   Data IS NOT modified.
Fri Mar 07 12:00:03 2008

Note: EnetGenAdapter::Init(H:\PCB001-099\PCB076_Luton28_Enzo_ref_board\Rev1\Layout\Working\PCB\PCB\Work\Layout_Temp\\)
Note: EnetGenAdapter::PreUpdate(H:\PCB001-099\PCB076_Luton28_Enzo_ref_board\Rev1\Layout\Working\PCB\PCB\Work\Layout_Temp\\)
Note: EnetGenAdapter::Update(H:\PCB001-099\PCB076_Luton28_Enzo_ref_board\Rev1\Layout\Working\PCB\PCB\Work\Layout_Temp\\)
Warning: Electrical net 5V^^^ has more physical nets than the threshold. One or more of the nets may be a power net. Electrical nets will not be generated.
Warning: Electrical net N11810367^^^ has more physical nets than the threshold. One or more of the nets may be a power net. Electrical nets will not be generated.
Note: Net NIRQ0 has more than 25 pins. It may be an unspecified power net.
Note: EnetGenAdapter::PostUpdate(1, H:\PCB001-099\PCB076_Luton28_Enzo_ref_board\Rev1\Layout\Working\PCB\PCB\Work\Layout_Temp\\)
Note: EnetGenAdapter::PostSave(1, H:\PCB001-099\PCB076_Luton28_Enzo_ref_board\Rev1\Layout\Working\PCB\PCB\Work\Layout_Temp\\)
Note:   Data IS modified.
Fri Mar 07 12:00:14 2008

Note: EnetGenAdapter::Init(H:\PCB001-099\PCB076_Luton28_Enzo_ref_board\Rev1\Layout\Working\PCB\PCB\Work\Layout_Temp\\)
Note: EnetGenAdapter::PreSave(H:\PCB001-099\PCB076_Luton28_Enzo_ref_board\Rev1\Layout\Working\PCB\PCB\Work\Layout_Temp\\)
Note: EnetGenAdapter::PostSave(1, H:\PCB001-099\PCB076_Luton28_Enzo_ref_board\Rev1\Layout\Working\PCB\PCB\Work\Layout_Temp\\)
Note:   Data IS NOT modified.
Note: EnetGenAdapter::PreSave(H:\PCB001-099\PCB076_Luton28_Enzo_ref_board\Rev1\Layout\Working\PCB\PCB\Work\Layout_Temp\\)
Note: EnetGenAdapter::PostSave(1, H:\PCB001-099\PCB076_Luton28_Enzo_ref_board\Rev1\Layout\Working\PCB\PCB\Work\Layout_Temp\\)
Note:   Data IS NOT modified.
Note: EnetGenAdapter::PreSave(H:\PCB001-099\PCB076_Luton28_Enzo_ref_board\Rev1\Layout\Working\PCB\PCB\Work\Layout_Temp\\)
Note: EnetGenAdapter::PostSave(1, H:\PCB001-099\PCB076_Luton28_Enzo_ref_board\Rev1\Layout\Working\PCB\PCB\Work\Layout_Temp\\)
Note:   Data IS NOT modified.
Note: EnetGenAdapter::PreSave(H:\PCB001-099\PCB076_Luton28_Enzo_ref_board\Rev1\Layout\Working\PCB\PCB\Work\Layout_Temp\\)
Note: EnetGenAdapter::PostSave(1, H:\PCB001-099\PCB076_Luton28_Enzo_ref_board\Rev1\Layout\Working\PCB\PCB\Work\Layout_Temp\\)
Note:   Data IS NOT modified.
Note: EnetGenAdapter::PreSave(H:\PCB001-099\PCB076_Luton28_Enzo_ref_board\Rev1\Layout\Working\PCB\PCB\Work\Layout_Temp\\)
Note: EnetGenAdapter::PostSave(1, H:\PCB001-099\PCB076_Luton28_Enzo_ref_board\Rev1\Layout\Working\PCB\PCB\Work\Layout_Temp\\)
Note:   Data IS NOT modified.
Note: EnetGenAdapter::PreSave(H:\PCB001-099\PCB076_Luton28_Enzo_ref_board\Rev1\Layout\Working\PCB\PCB\Work\Layout_Temp\\)
Note: EnetGenAdapter::PostSave(1, H:\PCB001-099\PCB076_Luton28_Enzo_ref_board\Rev1\Layout\Working\PCB\PCB\Work\Layout_Temp\\)
Note:   Data IS NOT modified.
Note: EnetGenAdapter::PreSave(H:\PCB001-099\PCB076_Luton28_Enzo_ref_board\Rev1\Layout\Working\PCB\PCB\Work\Layout_Temp\\)
Note: EnetGenAdapter::PostSave(1, H:\PCB001-099\PCB076_Luton28_Enzo_ref_board\Rev1\Layout\Working\PCB\PCB\Work\Layout_Temp\\)
Note:   Data IS NOT modified.
Note: EnetGenAdapter::PreSave(H:\PCB001-099\PCB076_Luton28_Enzo_ref_board\Rev1\Layout\Working\PCB\PCB\Work\Layout_Temp\\)
Note: EnetGenAdapter::PostSave(1, H:\PCB001-099\PCB076_Luton28_Enzo_ref_board\Rev1\Layout\Working\PCB\PCB\Work\Layout_Temp\\)
Note:   Data IS NOT modified.
Note: EnetGenAdapter::PreSave(H:\PCB001-099\PCB076_Luton28_Enzo_ref_board\Rev1\Layout\Working\PCB\PCB\Work\Layout_Temp\\)
Note: EnetGenAdapter::PostSave(1, H:\PCB001-099\PCB076_Luton28_Enzo_ref_board\Rev1\Layout\Working\PCB\PCB\Work\Layout_Temp\\)
Note:   Data IS NOT modified.
Note: EnetGenAdapter::PreSave(H:\PCB001-099\PCB076_Luton28_Enzo_ref_board\Rev1\Layout\Working\PCB\PCB\Work\Layout_Temp\\)
Note: EnetGenAdapter::PostSave(1, H:\PCB001-099\PCB076_Luton28_Enzo_ref_board\Rev1\Layout\Working\PCB\PCB\Work\Layout_Temp\\)
Note:   Data IS NOT modified.
Fri Mar 07 14:34:08 2008

Note: EnetGenAdapter::Init(H:\PCB001-099\PCB076_Luton28_Enzo_ref_board\Rev1\Layout\Working\PCB\PCB\Work\Layout_Temp\\)
Note: EnetGenAdapter::PreUpdate(H:\PCB001-099\PCB076_Luton28_Enzo_ref_board\Rev1\Layout\Working\PCB\PCB\Work\Layout_Temp\\)
Note: EnetGenAdapter::Update(H:\PCB001-099\PCB076_Luton28_Enzo_ref_board\Rev1\Layout\Working\PCB\PCB\Work\Layout_Temp\\)
Warning: Electrical net 5V^^^ has more physical nets than the threshold. One or more of the nets may be a power net. Electrical nets will not be generated.
Warning: Electrical net N11810367^^^ has more physical nets than the threshold. One or more of the nets may be a power net. Electrical nets will not be generated.
Note: Net NIRQ0 has more than 25 pins. It may be an unspecified power net.
Note: EnetGenAdapter::PostUpdate(1, H:\PCB001-099\PCB076_Luton28_Enzo_ref_board\Rev1\Layout\Working\PCB\PCB\Work\Layout_Temp\\)
Note: EnetGenAdapter::PostSave(1, H:\PCB001-099\PCB076_Luton28_Enzo_ref_board\Rev1\Layout\Working\PCB\PCB\Work\Layout_Temp\\)
Note:   Data IS modified.
Fri Mar 07 14:34:20 2008

Note: EnetGenAdapter::Init(H:\PCB001-099\PCB076_Luton28_Enzo_ref_board\Rev1\Layout\Working\PCB\PCB\Work\Layout_Temp\\)
Note: EnetGenAdapter::PreSave(H:\PCB001-099\PCB076_Luton28_Enzo_ref_board\Rev1\Layout\Working\PCB\PCB\Work\Layout_Temp\\)
Note: EnetGenAdapter::PostSave(1, H:\PCB001-099\PCB076_Luton28_Enzo_ref_board\Rev1\Layout\Working\PCB\PCB\Work\Layout_Temp\\)
Note:   Data IS NOT modified.
Note: EnetGenAdapter::PreSave(H:\PCB001-099\PCB076_Luton28_Enzo_ref_board\Rev1\Layout\Working\PCB\PCB\Work\Layout_Temp\\)
Note: EnetGenAdapter::PostSave(1, H:\PCB001-099\PCB076_Luton28_Enzo_ref_board\Rev1\Layout\Working\PCB\PCB\Work\Layout_Temp\\)
Note:   Data IS NOT modified.
Note: EnetGenAdapter::PreSave(H:\PCB001-099\PCB076_Luton28_Enzo_ref_board\Rev1\Layout\Working\PCB\PCB\Work\Layout_Temp\\)
Fri Mar 07 14:46:00 2008

Note: EnetGenAdapter::Init(H:\PCB001-099\PCB076_Luton28_Enzo_ref_board\Rev1\Layout\Working\PCB\PCB\Work\Layout_Temp\\)
Note: EnetGenAdapter::PreUpdate(H:\PCB001-099\PCB076_Luton28_Enzo_ref_board\Rev1\Layout\Working\PCB\PCB\Work\Layout_Temp\\)
Note: EnetGenAdapter::Update(H:\PCB001-099\PCB076_Luton28_Enzo_ref_board\Rev1\Layout\Working\PCB\PCB\Work\Layout_Temp\\)
Warning: Electrical net 5V^^^ has more physical nets than the threshold. One or more of the nets may be a power net. Electrical nets will not be generated.
Warning: Electrical net N11810367^^^ has more physical nets than the threshold. One or more of the nets may be a power net. Electrical nets will not be generated.
Note: Net NIRQ0 has more than 25 pins. It may be an unspecified power net.
Note: EnetGenAdapter::PostUpdate(1, H:\PCB001-099\PCB076_Luton28_Enzo_ref_board\Rev1\Layout\Working\PCB\PCB\Work\Layout_Temp\\)
Note: EnetGenAdapter::PostSave(1, H:\PCB001-099\PCB076_Luton28_Enzo_ref_board\Rev1\Layout\Working\PCB\PCB\Work\Layout_Temp\\)
Note:   Data IS modified.
Fri Mar 07 14:46:12 2008

Note: EnetGenAdapter::Init(H:\PCB001-099\PCB076_Luton28_Enzo_ref_board\Rev1\Layout\Working\PCB\PCB\Work\Layout_Temp\\)
Note: EnetGenAdapter::PreSave(H:\PCB001-099\PCB076_Luton28_Enzo_ref_board\Rev1\Layout\Working\PCB\PCB\Work\Layout_Temp\\)
Note: EnetGenAdapter::PostSave(1, H:\PCB001-099\PCB076_Luton28_Enzo_ref_board\Rev1\Layout\Working\PCB\PCB\Work\Layout_Temp\\)
Note:   Data IS NOT modified.
Note: EnetGenAdapter::PreSave(H:\PCB001-099\PCB076_Luton28_Enzo_ref_board\Rev1\Layout\Working\PCB\PCB\Work\Layout_Temp\\)
Note: EnetGenAdapter::PostSave(1, H:\PCB001-099\PCB076_Luton28_Enzo_ref_board\Rev1\Layout\Working\PCB\PCB\Work\Layout_Temp\\)
Note:   Data IS NOT modified.
Note: EnetGenAdapter::PreSave(H:\PCB001-099\PCB076_Luton28_Enzo_ref_board\Rev1\Layout\Working\PCB\PCB\Work\Layout_Temp\\)
Note: EnetGenAdapter::PostSave(1, H:\PCB001-099\PCB076_Luton28_Enzo_ref_board\Rev1\Layout\Working\PCB\PCB\Work\Layout_Temp\\)
Note:   Data IS NOT modified.
Fri Mar 07 14:57:57 2008

Note: EnetGenAdapter::Init(H:\PCB001-099\PCB076_Luton28_Enzo_ref_board\Rev1\Layout\Working\PCB\PCB\Work\Layout_Temp\\)
Note: EnetGenAdapter::PreUpdate(H:\PCB001-099\PCB076_Luton28_Enzo_ref_board\Rev1\Layout\Working\PCB\PCB\Work\Layout_Temp\\)
Note: EnetGenAdapter::Update(H:\PCB001-099\PCB076_Luton28_Enzo_ref_board\Rev1\Layout\Working\PCB\PCB\Work\Layout_Temp\\)
Warning: Electrical net 5V^^^ has more physical nets than the threshold. One or more of the nets may be a power net. Electrical nets will not be generated.
Warning: Electrical net N11810367^^^ has more physical nets than the threshold. One or more of the nets may be a power net. Electrical nets will not be generated.
Note: Net NIRQ0 has more than 25 pins. It may be an unspecified power net.
Note: EnetGenAdapter::PostUpdate(1, H:\PCB001-099\PCB076_Luton28_Enzo_ref_board\Rev1\Layout\Working\PCB\PCB\Work\Layout_Temp\\)
Note: EnetGenAdapter::PostSave(1, H:\PCB001-099\PCB076_Luton28_Enzo_ref_board\Rev1\Layout\Working\PCB\PCB\Work\Layout_Temp\\)
Note:   Data IS modified.
Fri Mar 07 14:58:08 2008

Note: EnetGenAdapter::Init(H:\PCB001-099\PCB076_Luton28_Enzo_ref_board\Rev1\Layout\Working\PCB\PCB\Work\Layout_Temp\\)
Note: EnetGenAdapter::PreSave(H:\PCB001-099\PCB076_Luton28_Enzo_ref_board\Rev1\Layout\Working\PCB\PCB\Work\Layout_Temp\\)
Note: EnetGenAdapter::PostSave(1, H:\PCB001-099\PCB076_Luton28_Enzo_ref_board\Rev1\Layout\Working\PCB\PCB\Work\Layout_Temp\\)
Note:   Data IS NOT modified.
Note: EnetGenAdapter::PreSave(H:\PCB001-099\PCB076_Luton28_Enzo_ref_board\Rev1\Layout\Working\PCB\PCB\Work\Layout_Temp\\)
Note: EnetGenAdapter::PostSave(1, H:\PCB001-099\PCB076_Luton28_Enzo_ref_board\Rev1\Layout\Working\PCB\PCB\Work\Layout_Temp\\)
Note:   Data IS NOT modified.
Note: EnetGenAdapter::PreSave(H:\PCB001-099\PCB076_Luton28_Enzo_ref_board\Rev1\Layout\Working\PCB\PCB\Work\Layout_Temp\\)
Note: EnetGenAdapter::PostSave(1, H:\PCB001-099\PCB076_Luton28_Enzo_ref_board\Rev1\Layout\Working\PCB\PCB\Work\Layout_Temp\\)
Note:   Data IS NOT modified.
Note: EnetGenAdapter::PreSave(H:\PCB001-099\PCB076_Luton28_Enzo_ref_board\Rev1\Layout\Working\PCB\PCB\Work\Layout_Temp\\)
Note: EnetGenAdapter::PostSave(1, H:\PCB001-099\PCB076_Luton28_Enzo_ref_board\Rev1\Layout\Working\PCB\PCB\Work\Layout_Temp\\)
Note:   Data IS NOT modified.
Note: EnetGenAdapter::PreSave(H:\PCB001-099\PCB076_Luton28_Enzo_ref_board\Rev1\Layout\Working\PCB\PCB\Work\Layout_Temp\\)
Note: EnetGenAdapter::PostSave(1, H:\PCB001-099\PCB076_Luton28_Enzo_ref_board\Rev1\Layout\Working\PCB\PCB\Work\Layout_Temp\\)
Note:   Data IS NOT modified.
Note: EnetGenAdapter::PreSave(H:\PCB001-099\PCB076_Luton28_Enzo_ref_board\Rev1\Layout\Working\PCB\PCB\Work\Layout_Temp\\)
Note: EnetGenAdapter::PostSave(1, H:\PCB001-099\PCB076_Luton28_Enzo_ref_board\Rev1\Layout\Working\PCB\PCB\Work\Layout_Temp\\)
Note:   Data IS NOT modified.
Note: EnetGenAdapter::PreSave(H:\PCB001-099\PCB076_Luton28_Enzo_ref_board\Rev1\Layout\Working\PCB\PCB\Work\Layout_Temp\\)
Note: EnetGenAdapter::PostSave(1, H:\PCB001-099\PCB076_Luton28_Enzo_ref_board\Rev1\Layout\Working\PCB\PCB\Work\Layout_Temp\\)
Note:   Data IS NOT modified.
Note: EnetGenAdapter::PreSave(H:\PCB001-099\PCB076_Luton28_Enzo_ref_board\Rev1\Layout\Working\PCB\PCB\Work\Layout_Temp\\)
Note: EnetGenAdapter::PostSave(1, H:\PCB001-099\PCB076_Luton28_Enzo_ref_board\Rev1\Layout\Working\PCB\PCB\Work\Layout_Temp\\)
Note:   Data IS NOT modified.
Note: EnetGenAdapter::PreSave(H:\PCB001-099\PCB076_Luton28_Enzo_ref_board\Rev1\Layout\Working\PCB\PCB\Work\Layout_Temp\\)
Note: EnetGenAdapter::PostSave(1, H:\PCB001-099\PCB076_Luton28_Enzo_ref_board\Rev1\Layout\Working\PCB\PCB\Work\Layout_Temp\\)
Note:   Data IS NOT modified.
Note: EnetGenAdapter::PreSave(H:\PCB001-099\PCB076_Luton28_Enzo_ref_board\Rev1\Layout\Working\PCB\PCB\Work\Layout_Temp\\)
Note: EnetGenAdapter::PostSave(1, H:\PCB001-099\PCB076_Luton28_Enzo_ref_board\Rev1\Layout\Working\PCB\PCB\Work\Layout_Temp\\)
Note:   Data IS NOT modified.
Note: EnetGenAdapter::PreSave(H:\PCB001-099\PCB076_Luton28_Enzo_ref_board\Rev1\Layout\Working\PCB\PCB\Work\Layout_Temp\\)
Note: EnetGenAdapter::PostSave(1, H:\PCB001-099\PCB076_Luton28_Enzo_ref_board\Rev1\Layout\Working\PCB\PCB\Work\Layout_Temp\\)
Note:   Data IS NOT modified.
Note: EnetGenAdapter::PreSave(H:\PCB001-099\PCB076_Luton28_Enzo_ref_board\Rev1\Layout\Working\PCB\PCB\Work\Layout_Temp\\)
Note: EnetGenAdapter::PostSave(1, H:\PCB001-099\PCB076_Luton28_Enzo_ref_board\Rev1\Layout\Working\PCB\PCB\Work\Layout_Temp\\)
Note:   Data IS NOT modified.
Note: EnetGenAdapter::PreSave(H:\PCB001-099\PCB076_Luton28_Enzo_ref_board\Rev1\Layout\Working\PCB\PCB\Work\Layout_Temp\\)
Note: EnetGenAdapter::PostSave(1, H:\PCB001-099\PCB076_Luton28_Enzo_ref_board\Rev1\Layout\Working\PCB\PCB\Work\Layout_Temp\\)
Note:   Data IS NOT modified.
Note: EnetGenAdapter::PreSave(H:\PCB001-099\PCB076_Luton28_Enzo_ref_board\Rev1\Layout\Working\PCB\PCB\Work\Layout_Temp\\)
Note: EnetGenAdapter::PostSave(1, H:\PCB001-099\PCB076_Luton28_Enzo_ref_board\Rev1\Layout\Working\PCB\PCB\Work\Layout_Temp\\)
Note:   Data IS NOT modified.
Note: EnetGenAdapter::PreSave(H:\PCB001-099\PCB076_Luton28_Enzo_ref_board\Rev1\Layout\Working\PCB\PCB\Work\Layout_Temp\\)
Note: EnetGenAdapter::PostSave(1, H:\PCB001-099\PCB076_Luton28_Enzo_ref_board\Rev1\Layout\Working\PCB\PCB\Work\Layout_Temp\\)
Note:   Data IS NOT modified.
Note: EnetGenAdapter::PreSave(H:\PCB001-099\PCB076_Luton28_Enzo_ref_board\Rev1\Layout\Working\PCB\PCB\Work\Layout_Temp\\)
Note: EnetGenAdapter::PostSave(1, H:\PCB001-099\PCB076_Luton28_Enzo_ref_board\Rev1\Layout\Working\PCB\PCB\Work\Layout_Temp\\)
Note:   Data IS NOT modified.
Note: EnetGenAdapter::PreSave(H:\PCB001-099\PCB076_Luton28_Enzo_ref_board\Rev1\Layout\Working\PCB\PCB\Work\Layout_Temp\\)
Note: EnetGenAdapter::PostSave(1, H:\PCB001-099\PCB076_Luton28_Enzo_ref_board\Rev1\Layout\Working\PCB\PCB\Work\Layout_Temp\\)
Note:   Data IS NOT modified.
Note: EnetGenAdapter::PreSave(H:\PCB001-099\PCB076_Luton28_Enzo_ref_board\Rev1\Layout\Working\PCB\PCB\Work\Layout_Temp\\)
Note: EnetGenAdapter::PostSave(1, H:\PCB001-099\PCB076_Luton28_Enzo_ref_board\Rev1\Layout\Working\PCB\PCB\Work\Layout_Temp\\)
Note:   Data IS NOT modified.
Note: EnetGenAdapter::PreSave(H:\PCB001-099\PCB076_Luton28_Enzo_ref_board\Rev1\Layout\Working\PCB\PCB\Work\Layout_Temp\\)
Note: EnetGenAdapter::PostSave(1, H:\PCB001-099\PCB076_Luton28_Enzo_ref_board\Rev1\Layout\Working\PCB\PCB\Work\Layout_Temp\\)
Note:   Data IS NOT modified.
Note: EnetGenAdapter::PreSave(H:\PCB001-099\PCB076_Luton28_Enzo_ref_board\Rev1\Layout\Working\PCB\PCB\Work\Layout_Temp\\)
Note: EnetGenAdapter::PostSave(1, H:\PCB001-099\PCB076_Luton28_Enzo_ref_board\Rev1\Layout\Working\PCB\PCB\Work\Layout_Temp\\)
Note:   Data IS NOT modified.
Note: EnetGenAdapter::PreSave(H:\PCB001-099\PCB076_Luton28_Enzo_ref_board\Rev1\Layout\Working\PCB\PCB\Work\Layout_Temp\\)
Note: EnetGenAdapter::PostSave(1, H:\PCB001-099\PCB076_Luton28_Enzo_ref_board\Rev1\Layout\Working\PCB\PCB\Work\Layout_Temp\\)
Note:   Data IS NOT modified.
Note: EnetGenAdapter::PreSave(H:\PCB001-099\PCB076_Luton28_Enzo_ref_board\Rev1\Layout\Working\PCB\PCB\Work\Layout_Temp\\)
Note: EnetGenAdapter::PostSave(1, H:\PCB001-099\PCB076_Luton28_Enzo_ref_board\Rev1\Layout\Working\PCB\PCB\Work\Layout_Temp\\)
Note:   Data IS NOT modified.
Note: EnetGenAdapter::PreSave(H:\PCB001-099\PCB076_Luton28_Enzo_ref_board\Rev1\Layout\Working\PCB\PCB\Work\Layout_Temp\\)
Note: EnetGenAdapter::PostSave(1, H:\PCB001-099\PCB076_Luton28_Enzo_ref_board\Rev1\Layout\Working\PCB\PCB\Work\Layout_Temp\\)
Note:   Data IS NOT modified.
Note: EnetGenAdapter::PreSave(H:\PCB001-099\PCB076_Luton28_Enzo_ref_board\Rev1\Layout\Working\PCB\PCB\Work\Layout_Temp\\)
Note: EnetGenAdapter::PostSave(1, H:\PCB001-099\PCB076_Luton28_Enzo_ref_board\Rev1\Layout\Working\PCB\PCB\Work\Layout_Temp\\)
Note:   Data IS NOT modified.
Note: EnetGenAdapter::PreSave(H:\PCB001-099\PCB076_Luton28_Enzo_ref_board\Rev1\Layout\Working\PCB\PCB\Work\Layout_Temp\\)
Note: EnetGenAdapter::PostSave(1, H:\PCB001-099\PCB076_Luton28_Enzo_ref_board\Rev1\Layout\Working\PCB\PCB\Work\Layout_Temp\\)
Note:   Data IS NOT modified.
Note: EnetGenAdapter::PreSave(H:\PCB001-099\PCB076_Luton28_Enzo_ref_board\Rev1\Layout\Working\PCB\PCB\Work\Layout_Temp\\)
Note: EnetGenAdapter::PostSave(1, H:\PCB001-099\PCB076_Luton28_Enzo_ref_board\Rev1\Layout\Working\PCB\PCB\Work\Layout_Temp\\)
Note:   Data IS NOT modified.
Note: EnetGenAdapter::PreSave(H:\PCB001-099\PCB076_Luton28_Enzo_ref_board\Rev1\Layout\Working\PCB\PCB\Work\Layout_Temp\\)
Note: EnetGenAdapter::PostSave(1, H:\PCB001-099\PCB076_Luton28_Enzo_ref_board\Rev1\Layout\Working\PCB\PCB\Work\Layout_Temp\\)
Note:   Data IS NOT modified.
Note: EnetGenAdapter::PreSave(H:\PCB001-099\PCB076_Luton28_Enzo_ref_board\Rev1\Layout\Working\PCB\PCB\Work\Layout_Temp\\)
Note: EnetGenAdapter::PostSave(1, H:\PCB001-099\PCB076_Luton28_Enzo_ref_board\Rev1\Layout\Working\PCB\PCB\Work\Layout_Temp\\)
Note:   Data IS NOT modified.
Note: EnetGenAdapter::PreSave(H:\PCB001-099\PCB076_Luton28_Enzo_ref_board\Rev1\Layout\Working\PCB\PCB\Work\Layout_Temp\\)
Note: EnetGenAdapter::PostSave(1, H:\PCB001-099\PCB076_Luton28_Enzo_ref_board\Rev1\Layout\Working\PCB\PCB\Work\Layout_Temp\\)
Note:   Data IS NOT modified.
Note: EnetGenAdapter::PreSave(H:\PCB001-099\PCB076_Luton28_Enzo_ref_board\Rev1\Layout\Working\PCB\PCB\Work\Layout_Temp\\)
Note: EnetGenAdapter::PostSave(1, H:\PCB001-099\PCB076_Luton28_Enzo_ref_board\Rev1\Layout\Working\PCB\PCB\Work\Layout_Temp\\)
Note:   Data IS NOT modified.
Note: EnetGenAdapter::PreSave(H:\PCB001-099\PCB076_Luton28_Enzo_ref_board\Rev1\Layout\Working\PCB\PCB\Work\Layout_Temp\\)
Note: EnetGenAdapter::PostSave(1, H:\PCB001-099\PCB076_Luton28_Enzo_ref_board\Rev1\Layout\Working\PCB\PCB\Work\Layout_Temp\\)
Note:   Data IS NOT modified.
Note: EnetGenAdapter::PreSave(H:\PCB001-099\PCB076_Luton28_Enzo_ref_board\Rev1\Layout\Working\PCB\PCB\Work\Layout_Temp\\)
Note: EnetGenAdapter::PostSave(1, H:\PCB001-099\PCB076_Luton28_Enzo_ref_board\Rev1\Layout\Working\PCB\PCB\Work\Layout_Temp\\)
Note:   Data IS NOT modified.
Note: EnetGenAdapter::PreSave(H:\PCB001-099\PCB076_Luton28_Enzo_ref_board\Rev1\Layout\Working\PCB\PCB\Work\Layout_Temp\\)
Note: EnetGenAdapter::PostSave(1, H:\PCB001-099\PCB076_Luton28_Enzo_ref_board\Rev1\Layout\Working\PCB\PCB\Work\Layout_Temp\\)
Note:   Data IS NOT modified.
Note: EnetGenAdapter::PreSave(H:\PCB001-099\PCB076_Luton28_Enzo_ref_board\Rev1\Layout\Working\PCB\PCB\Work\Layout_Temp\\)
Note: EnetGenAdapter::PostSave(1, H:\PCB001-099\PCB076_Luton28_Enzo_ref_board\Rev1\Layout\Working\PCB\PCB\Work\Layout_Temp\\)
Note:   Data IS NOT modified.
Note: EnetGenAdapter::PreSave(H:\PCB001-099\PCB076_Luton28_Enzo_ref_board\Rev1\Layout\Working\PCB\PCB\Work\Layout_Temp\\)
Note: EnetGenAdapter::PostSave(1, H:\PCB001-099\PCB076_Luton28_Enzo_ref_board\Rev1\Layout\Working\PCB\PCB\Work\Layout_Temp\\)
Note:   Data IS NOT modified.
Note: EnetGenAdapter::PreSave(H:\PCB001-099\PCB076_Luton28_Enzo_ref_board\Rev1\Layout\Working\PCB\PCB\Work\Layout_Temp\\)
Note: EnetGenAdapter::PostSave(1, H:\PCB001-099\PCB076_Luton28_Enzo_ref_board\Rev1\Layout\Working\PCB\PCB\Work\Layout_Temp\\)
Note:   Data IS NOT modified.
Note: EnetGenAdapter::PreSave(H:\PCB001-099\PCB076_Luton28_Enzo_ref_board\Rev1\Layout\Working\PCB\PCB\Work\Layout_Temp\\)
Note: EnetGenAdapter::PostSave(1, H:\PCB001-099\PCB076_Luton28_Enzo_ref_board\Rev1\Layout\Working\PCB\PCB\Work\Layout_Temp\\)
Note:   Data IS NOT modified.
Note: EnetGenAdapter::PreSave(H:\PCB001-099\PCB076_Luton28_Enzo_ref_board\Rev1\Layout\Working\PCB\PCB\Work\Layout_Temp\\)
Note: EnetGenAdapter::PostSave(1, H:\PCB001-099\PCB076_Luton28_Enzo_ref_board\Rev1\Layout\Working\PCB\PCB\Work\Layout_Temp\\)
Note:   Data IS NOT modified.
Note: EnetGenAdapter::PreSave(H:\PCB001-099\PCB076_Luton28_Enzo_ref_board\Rev1\Layout\Working\PCB\PCB\Work\Layout_Temp\\)
Note: EnetGenAdapter::PostSave(1, H:\PCB001-099\PCB076_Luton28_Enzo_ref_board\Rev1\Layout\Working\PCB\PCB\Work\Layout_Temp\\)
Note:   Data IS NOT modified.
Fri Mar 14 11:23:39 2008

Note: EnetGenAdapter::Init(H:\PCB001-099\PCB076_Luton28_Enzo_ref_board\Rev1\Layout\Working\PCB\PCB\Work\Layout_Temp\\)
Note: EnetGenAdapter::PreUpdate(H:\PCB001-099\PCB076_Luton28_Enzo_ref_board\Rev1\Layout\Working\PCB\PCB\Work\Layout_Temp\\)
Note: EnetGenAdapter::Update(H:\PCB001-099\PCB076_Luton28_Enzo_ref_board\Rev1\Layout\Working\PCB\PCB\Work\Layout_Temp\\)
Warning: Electrical net 5V^^^ has more physical nets than the threshold. One or more of the nets may be a power net. Electrical nets will not be generated.
Warning: Electrical net N11810367^^^ has more physical nets than the threshold. One or more of the nets may be a power net. Electrical nets will not be generated.
Note: Net NIRQ0 has more than 25 pins. It may be an unspecified power net.
Note: EnetGenAdapter::PostUpdate(1, H:\PCB001-099\PCB076_Luton28_Enzo_ref_board\Rev1\Layout\Working\PCB\PCB\Work\Layout_Temp\\)
Note: EnetGenAdapter::PostSave(1, H:\PCB001-099\PCB076_Luton28_Enzo_ref_board\Rev1\Layout\Working\PCB\PCB\Work\Layout_Temp\\)
Note:   Data IS modified.
Fri Mar 14 11:23:50 2008

Note: EnetGenAdapter::Init(H:\PCB001-099\PCB076_Luton28_Enzo_ref_board\Rev1\Layout\Working\PCB\PCB\Work\Layout_Temp\\)
Fri Mar 14 11:28:12 2008

Note: EnetGenAdapter::Init(H:\PCB001-099\PCB076_Luton28_Enzo_ref_board\Rev1\Layout\Working\PCB\PCB\Work\Layout_Temp\\)
Note: EnetGenAdapter::PreUpdate(H:\PCB001-099\PCB076_Luton28_Enzo_ref_board\Rev1\Layout\Working\PCB\PCB\Work\Layout_Temp\\)
Note: EnetGenAdapter::Update(H:\PCB001-099\PCB076_Luton28_Enzo_ref_board\Rev1\Layout\Working\PCB\PCB\Work\Layout_Temp\\)
Warning: Electrical net 5V^^^ has more physical nets than the threshold. One or more of the nets may be a power net. Electrical nets will not be generated.
Warning: Electrical net N11810367^^^ has more physical nets than the threshold. One or more of the nets may be a power net. Electrical nets will not be generated.
Note: Net NIRQ0 has more than 25 pins. It may be an unspecified power net.
Note: EnetGenAdapter::PostUpdate(1, H:\PCB001-099\PCB076_Luton28_Enzo_ref_board\Rev1\Layout\Working\PCB\PCB\Work\Layout_Temp\\)
Note: EnetGenAdapter::PostSave(1, H:\PCB001-099\PCB076_Luton28_Enzo_ref_board\Rev1\Layout\Working\PCB\PCB\Work\Layout_Temp\\)
Note:   Data IS modified.
Fri Mar 14 11:28:23 2008

Note: EnetGenAdapter::Init(H:\PCB001-099\PCB076_Luton28_Enzo_ref_board\Rev1\Layout\Working\PCB\PCB\Work\Layout_Temp\\)
Fri Mar 14 11:30:20 2008

Note: EnetGenAdapter::Init(H:\PCB001-099\PCB076_Luton28_Enzo_ref_board\Rev1\Layout\Working\PCB\PCB\Work\Layout_Temp\\)
Note: EnetGenAdapter::PreUpdate(H:\PCB001-099\PCB076_Luton28_Enzo_ref_board\Rev1\Layout\Working\PCB\PCB\Work\Layout_Temp\\)
Note: EnetGenAdapter::Update(H:\PCB001-099\PCB076_Luton28_Enzo_ref_board\Rev1\Layout\Working\PCB\PCB\Work\Layout_Temp\\)
Warning: Electrical net 5V^^^ has more physical nets than the threshold. One or more of the nets may be a power net. Electrical nets will not be generated.
Warning: Electrical net N11810367^^^ has more physical nets than the threshold. One or more of the nets may be a power net. Electrical nets will not be generated.
Note: Net NIRQ0 has more than 25 pins. It may be an unspecified power net.
Note: EnetGenAdapter::PostUpdate(1, H:\PCB001-099\PCB076_Luton28_Enzo_ref_board\Rev1\Layout\Working\PCB\PCB\Work\Layout_Temp\\)
Note: EnetGenAdapter::PostSave(1, H:\PCB001-099\PCB076_Luton28_Enzo_ref_board\Rev1\Layout\Working\PCB\PCB\Work\Layout_Temp\\)
Note:   Data IS modified.
Fri Mar 14 11:30:30 2008

Note: EnetGenAdapter::Init(H:\PCB001-099\PCB076_Luton28_Enzo_ref_board\Rev1\Layout\Working\PCB\PCB\Work\Layout_Temp\\)
Note: EnetGenAdapter::PreSave(H:\PCB001-099\PCB076_Luton28_Enzo_ref_board\Rev1\Layout\Working\PCB\PCB\Work\Layout_Temp\\)
Note: EnetGenAdapter::PostSave(1, H:\PCB001-099\PCB076_Luton28_Enzo_ref_board\Rev1\Layout\Working\PCB\PCB\Work\Layout_Temp\\)
Note:   Data IS NOT modified.
Fri Mar 14 11:37:04 2008

Note: EnetGenAdapter::Init(H:\PCB001-099\PCB076_Luton28_Enzo_ref_board\Rev1\Layout\Working\PCB\PCB\Work\Layout_Temp\\)
Note: EnetGenAdapter::PreUpdate(H:\PCB001-099\PCB076_Luton28_Enzo_ref_board\Rev1\Layout\Working\PCB\PCB\Work\Layout_Temp\\)
Note: EnetGenAdapter::Update(H:\PCB001-099\PCB076_Luton28_Enzo_ref_board\Rev1\Layout\Working\PCB\PCB\Work\Layout_Temp\\)
Warning: Electrical net 5V^^^ has more physical nets than the threshold. One or more of the nets may be a power net. Electrical nets will not be generated.
Warning: Electrical net N11810367^^^ has more physical nets than the threshold. One or more of the nets may be a power net. Electrical nets will not be generated.
Note: Net NIRQ0 has more than 25 pins. It may be an unspecified power net.
Note: EnetGenAdapter::PostUpdate(1, H:\PCB001-099\PCB076_Luton28_Enzo_ref_board\Rev1\Layout\Working\PCB\PCB\Work\Layout_Temp\\)
Note: EnetGenAdapter::PostSave(1, H:\PCB001-099\PCB076_Luton28_Enzo_ref_board\Rev1\Layout\Working\PCB\PCB\Work\Layout_Temp\\)
Note:   Data IS modified.
Fri Mar 14 11:37:15 2008

Note: EnetGenAdapter::Init(H:\PCB001-099\PCB076_Luton28_Enzo_ref_board\Rev1\Layout\Working\PCB\PCB\Work\Layout_Temp\\)
Fri Mar 14 11:40:16 2008

Note: EnetGenAdapter::Init(H:\PCB001-099\PCB076_Luton28_Enzo_ref_board\Rev1\Layout\Working\PCB\PCB\Work\Layout_Temp\\)
Note: EnetGenAdapter::PreUpdate(H:\PCB001-099\PCB076_Luton28_Enzo_ref_board\Rev1\Layout\Working\PCB\PCB\Work\Layout_Temp\\)
Note: EnetGenAdapter::Update(H:\PCB001-099\PCB076_Luton28_Enzo_ref_board\Rev1\Layout\Working\PCB\PCB\Work\Layout_Temp\\)
Warning: Electrical net 5V^^^ has more physical nets than the threshold. One or more of the nets may be a power net. Electrical nets will not be generated.
Warning: Electrical net N11810367^^^ has more physical nets than the threshold. One or more of the nets may be a power net. Electrical nets will not be generated.
Note: Net NIRQ0 has more than 25 pins. It may be an unspecified power net.
Note: EnetGenAdapter::PostUpdate(1, H:\PCB001-099\PCB076_Luton28_Enzo_ref_board\Rev1\Layout\Working\PCB\PCB\Work\Layout_Temp\\)
Note: EnetGenAdapter::PostSave(1, H:\PCB001-099\PCB076_Luton28_Enzo_ref_board\Rev1\Layout\Working\PCB\PCB\Work\Layout_Temp\\)
Note:   Data IS modified.
Fri Mar 14 11:40:27 2008

Note: EnetGenAdapter::Init(H:\PCB001-099\PCB076_Luton28_Enzo_ref_board\Rev1\Layout\Working\PCB\PCB\Work\Layout_Temp\\)
Fri Mar 14 11:56:23 2008

Note: EnetGenAdapter::Init(H:\PCB001-099\PCB076_Luton28_Enzo_ref_board\Rev1\Layout\Working\PCB\PCB\Work\Layout_Temp\\)
Note: EnetGenAdapter::PreUpdate(H:\PCB001-099\PCB076_Luton28_Enzo_ref_board\Rev1\Layout\Working\PCB\PCB\Work\Layout_Temp\\)
Note: EnetGenAdapter::Update(H:\PCB001-099\PCB076_Luton28_Enzo_ref_board\Rev1\Layout\Working\PCB\PCB\Work\Layout_Temp\\)
Warning: Electrical net 5V^^^ has more physical nets than the threshold. One or more of the nets may be a power net. Electrical nets will not be generated.
Warning: Electrical net N11810367^^^ has more physical nets than the threshold. One or more of the nets may be a power net. Electrical nets will not be generated.
Note: Net NIRQ0 has more than 25 pins. It may be an unspecified power net.
Note: EnetGenAdapter::PostUpdate(1, H:\PCB001-099\PCB076_Luton28_Enzo_ref_board\Rev1\Layout\Working\PCB\PCB\Work\Layout_Temp\\)
Note: EnetGenAdapter::PostSave(1, H:\PCB001-099\PCB076_Luton28_Enzo_ref_board\Rev1\Layout\Working\PCB\PCB\Work\Layout_Temp\\)
Note:   Data IS modified.
Fri Mar 14 11:56:34 2008

Note: EnetGenAdapter::Init(H:\PCB001-099\PCB076_Luton28_Enzo_ref_board\Rev1\Layout\Working\PCB\PCB\Work\Layout_Temp\\)
Fri Mar 14 12:09:14 2008

Note: EnetGenAdapter::Init(H:\PCB001-099\PCB076_Luton28_Enzo_ref_board\Rev1\Layout\Working\PCB\PCB\Work\Layout_Temp\\)
Note: EnetGenAdapter::PreUpdate(H:\PCB001-099\PCB076_Luton28_Enzo_ref_board\Rev1\Layout\Working\PCB\PCB\Work\Layout_Temp\\)
Note: EnetGenAdapter::Update(H:\PCB001-099\PCB076_Luton28_Enzo_ref_board\Rev1\Layout\Working\PCB\PCB\Work\Layout_Temp\\)
Warning: Electrical net 5V^^^ has more physical nets than the threshold. One or more of the nets may be a power net. Electrical nets will not be generated.
Warning: Electrical net N11810367^^^ has more physical nets than the threshold. One or more of the nets may be a power net. Electrical nets will not be generated.
Note: Net NIRQ0 has more than 25 pins. It may be an unspecified power net.
Note: EnetGenAdapter::PostUpdate(1, H:\PCB001-099\PCB076_Luton28_Enzo_ref_board\Rev1\Layout\Working\PCB\PCB\Work\Layout_Temp\\)
Note: EnetGenAdapter::PostSave(1, H:\PCB001-099\PCB076_Luton28_Enzo_ref_board\Rev1\Layout\Working\PCB\PCB\Work\Layout_Temp\\)
Note:   Data IS modified.
Fri Mar 14 12:09:24 2008

Note: EnetGenAdapter::Init(H:\PCB001-099\PCB076_Luton28_Enzo_ref_board\Rev1\Layout\Working\PCB\PCB\Work\Layout_Temp\\)
Fri Mar 14 12:30:35 2008

Note: EnetGenAdapter::Init(H:\PCB001-099\PCB076_Luton28_Enzo_ref_board\Rev1\Layout\Working\Working\PCB\PCB\Work\Layout_Temp\\)
Note: EnetGenAdapter::PreUpdate(H:\PCB001-099\PCB076_Luton28_Enzo_ref_board\Rev1\Layout\Working\Working\PCB\PCB\Work\Layout_Temp\\)
Note: EnetGenAdapter::Update(H:\PCB001-099\PCB076_Luton28_Enzo_ref_board\Rev1\Layout\Working\Working\PCB\PCB\Work\Layout_Temp\\)
Warning: Electrical net 5V^^^ has more physical nets than the threshold. One or more of the nets may be a power net. Electrical nets will not be generated.
Warning: Electrical net N11810367^^^ has more physical nets than the threshold. One or more of the nets may be a power net. Electrical nets will not be generated.
Note: Net NIRQ0 has more than 25 pins. It may be an unspecified power net.
Note: EnetGenAdapter::PostUpdate(1, H:\PCB001-099\PCB076_Luton28_Enzo_ref_board\Rev1\Layout\Working\Working\PCB\PCB\Work\Layout_Temp\\)
Note: EnetGenAdapter::PostSave(1, H:\PCB001-099\PCB076_Luton28_Enzo_ref_board\Rev1\Layout\Working\Working\PCB\PCB\Work\Layout_Temp\\)
Note:   Data IS modified.
Fri Mar 14 12:30:46 2008

Note: EnetGenAdapter::Init(H:\PCB001-099\PCB076_Luton28_Enzo_ref_board\Rev1\Layout\Working\Working\PCB\PCB\Work\Layout_Temp\\)
Fri Mar 14 12:38:45 2008

Note: EnetGenAdapter::Init(H:\PCB001-099\PCB076_Luton28_Enzo_ref_board\Rev1\Layout\Working\Working\PCB\PCB\Work\Layout_Temp\\)
Note: EnetGenAdapter::PreUpdate(H:\PCB001-099\PCB076_Luton28_Enzo_ref_board\Rev1\Layout\Working\Working\PCB\PCB\Work\Layout_Temp\\)
Note: EnetGenAdapter::Update(H:\PCB001-099\PCB076_Luton28_Enzo_ref_board\Rev1\Layout\Working\Working\PCB\PCB\Work\Layout_Temp\\)
Warning: Electrical net 5V^^^ has more physical nets than the threshold. One or more of the nets may be a power net. Electrical nets will not be generated.
Warning: Electrical net N11810367^^^ has more physical nets than the threshold. One or more of the nets may be a power net. Electrical nets will not be generated.
Note: Net NIRQ0 has more than 25 pins. It may be an unspecified power net.
Note: EnetGenAdapter::PostUpdate(1, H:\PCB001-099\PCB076_Luton28_Enzo_ref_board\Rev1\Layout\Working\Working\PCB\PCB\Work\Layout_Temp\\)
Note: EnetGenAdapter::PostSave(1, H:\PCB001-099\PCB076_Luton28_Enzo_ref_board\Rev1\Layout\Working\Working\PCB\PCB\Work\Layout_Temp\\)
Note:   Data IS modified.
Fri Mar 14 12:38:56 2008

Note: EnetGenAdapter::Init(H:\PCB001-099\PCB076_Luton28_Enzo_ref_board\Rev1\Layout\Working\Working\PCB\PCB\Work\Layout_Temp\\)
Fri Mar 14 12:46:34 2008

Note: EnetGenAdapter::Init(H:\PCB001-099\PCB076_Luton28_Enzo_ref_board\Rev1\Layout\Working\Working\PCB\PCB\Work\Layout_Temp\\)
Note: EnetGenAdapter::PreUpdate(H:\PCB001-099\PCB076_Luton28_Enzo_ref_board\Rev1\Layout\Working\Working\PCB\PCB\Work\Layout_Temp\\)
Note: EnetGenAdapter::Update(H:\PCB001-099\PCB076_Luton28_Enzo_ref_board\Rev1\Layout\Working\Working\PCB\PCB\Work\Layout_Temp\\)
Warning: Electrical net 5V^^^ has more physical nets than the threshold. One or more of the nets may be a power net. Electrical nets will not be generated.
Warning: Electrical net N11810367^^^ has more physical nets than the threshold. One or more of the nets may be a power net. Electrical nets will not be generated.
Note: Net NIRQ0 has more than 25 pins. It may be an unspecified power net.
Note: EnetGenAdapter::PostUpdate(1, H:\PCB001-099\PCB076_Luton28_Enzo_ref_board\Rev1\Layout\Working\Working\PCB\PCB\Work\Layout_Temp\\)
Note: EnetGenAdapter::PostSave(1, H:\PCB001-099\PCB076_Luton28_Enzo_ref_board\Rev1\Layout\Working\Working\PCB\PCB\Work\Layout_Temp\\)
Note:   Data IS modified.
Fri Mar 14 12:46:45 2008

Note: EnetGenAdapter::Init(H:\PCB001-099\PCB076_Luton28_Enzo_ref_board\Rev1\Layout\Working\Working\PCB\PCB\Work\Layout_Temp\\)
Note: EnetGenAdapter::PreSave(H:\PCB001-099\PCB076_Luton28_Enzo_ref_board\Rev1\Layout\Working\Working\PCB\PCB\Work\Layout_Temp\\)
Note: EnetGenAdapter::PostSave(1, H:\PCB001-099\PCB076_Luton28_Enzo_ref_board\Rev1\Layout\Working\Working\PCB\PCB\Work\Layout_Temp\\)
Note:   Data IS NOT modified.
Note: EnetGenAdapter::PreSave(H:\PCB001-099\PCB076_Luton28_Enzo_ref_board\Rev1\Layout\Working\Working\PCB\PCB\Work\Layout_Temp\\)
Note: EnetGenAdapter::PostSave(1, H:\PCB001-099\PCB076_Luton28_Enzo_ref_board\Rev1\Layout\Working\Working\PCB\PCB\Work\Layout_Temp\\)
Note:   Data IS NOT modified.
Note: EnetGenAdapter::PreSave(H:\PCB001-099\PCB076_Luton28_Enzo_ref_board\Rev1\Layout\Working\Working\PCB\PCB\Work\Layout_Temp\\)
Note: EnetGenAdapter::PostSave(1, H:\PCB001-099\PCB076_Luton28_Enzo_ref_board\Rev1\Layout\Working\Working\PCB\PCB\Work\Layout_Temp\\)
Note:   Data IS NOT modified.
Fri Mar 14 13:46:36 2008

Note: EnetGenAdapter::Init(H:\PCB001-099\PCB076_Luton28_Enzo_ref_board\Rev1\Layout\Working\Working\PCB\PCB\Work\Layout_Temp\\)
Note: EnetGenAdapter::PreUpdate(H:\PCB001-099\PCB076_Luton28_Enzo_ref_board\Rev1\Layout\Working\Working\PCB\PCB\Work\Layout_Temp\\)
Note: EnetGenAdapter::Update(H:\PCB001-099\PCB076_Luton28_Enzo_ref_board\Rev1\Layout\Working\Working\PCB\PCB\Work\Layout_Temp\\)
Warning: Electrical net 5V^^^ has more physical nets than the threshold. One or more of the nets may be a power net. Electrical nets will not be generated.
Warning: Electrical net N11810367^^^ has more physical nets than the threshold. One or more of the nets may be a power net. Electrical nets will not be generated.
Note: Net NIRQ0 has more than 25 pins. It may be an unspecified power net.
Note: EnetGenAdapter::PostUpdate(1, H:\PCB001-099\PCB076_Luton28_Enzo_ref_board\Rev1\Layout\Working\Working\PCB\PCB\Work\Layout_Temp\\)
Note: EnetGenAdapter::PostSave(1, H:\PCB001-099\PCB076_Luton28_Enzo_ref_board\Rev1\Layout\Working\Working\PCB\PCB\Work\Layout_Temp\\)
Note:   Data IS modified.
Fri Mar 14 13:46:47 2008

Note: EnetGenAdapter::Init(H:\PCB001-099\PCB076_Luton28_Enzo_ref_board\Rev1\Layout\Working\Working\PCB\PCB\Work\Layout_Temp\\)
Note: EnetGenAdapter::PreSave(H:\PCB001-099\PCB076_Luton28_Enzo_ref_board\Rev1\Layout\Working\Working\PCB\PCB\Work\Layout_Temp\\)
Note: EnetGenAdapter::PostSave(1, H:\PCB001-099\PCB076_Luton28_Enzo_ref_board\Rev1\Layout\Working\Working\PCB\PCB\Work\Layout_Temp\\)
Note:   Data IS NOT modified.
Note: EnetGenAdapter::PreSave(H:\PCB001-099\PCB076_Luton28_Enzo_ref_board\Rev1\Layout\Working\Working\PCB\PCB\Work\Layout_Temp\\)
Note: EnetGenAdapter::PostSave(1, H:\PCB001-099\PCB076_Luton28_Enzo_ref_board\Rev1\Layout\Working\Working\PCB\PCB\Work\Layout_Temp\\)
Note:   Data IS NOT modified.
Tue Mar 25 16:37:11 2008

Note: EnetGenAdapter::Init(H:\PCB001-099\PCB076_Luton28_Enzo_ref_board\Rev1\Layout\Working\Working\PCB\PCB\Work\Layout_Temp\\)
Note: EnetGenAdapter::PreUpdate(H:\PCB001-099\PCB076_Luton28_Enzo_ref_board\Rev1\Layout\Working\Working\PCB\PCB\Work\Layout_Temp\\)
Note: EnetGenAdapter::Update(H:\PCB001-099\PCB076_Luton28_Enzo_ref_board\Rev1\Layout\Working\Working\PCB\PCB\Work\Layout_Temp\\)
Warning: Electrical net 5V^^^ has more physical nets than the threshold. One or more of the nets may be a power net. Electrical nets will not be generated.
Warning: Electrical net N11810367^^^ has more physical nets than the threshold. One or more of the nets may be a power net. Electrical nets will not be generated.
Note: Net NIRQ0 has more than 25 pins. It may be an unspecified power net.
Note: EnetGenAdapter::PostUpdate(1, H:\PCB001-099\PCB076_Luton28_Enzo_ref_board\Rev1\Layout\Working\Working\PCB\PCB\Work\Layout_Temp\\)
Note: EnetGenAdapter::PostSave(1, H:\PCB001-099\PCB076_Luton28_Enzo_ref_board\Rev1\Layout\Working\Working\PCB\PCB\Work\Layout_Temp\\)
Note:   Data IS modified.
Tue Mar 25 16:37:21 2008

Note: EnetGenAdapter::Init(H:\PCB001-099\PCB076_Luton28_Enzo_ref_board\Rev1\Layout\Working\Working\PCB\PCB\Work\Layout_Temp\\)
Fri Mar 28 10:44:43 2008

Note: EnetGenAdapter::Init(H:\PCB001-099\PCB076_Luton28_Enzo_ref_board\Rev1\Layout\Working\Working\PCB\PCB\Work\Layout_Temp\\)
Note: EnetGenAdapter::PreUpdate(H:\PCB001-099\PCB076_Luton28_Enzo_ref_board\Rev1\Layout\Working\Working\PCB\PCB\Work\Layout_Temp\\)
Note: EnetGenAdapter::Update(H:\PCB001-099\PCB076_Luton28_Enzo_ref_board\Rev1\Layout\Working\Working\PCB\PCB\Work\Layout_Temp\\)
Warning: Electrical net 5V^^^ has more physical nets than the threshold. One or more of the nets may be a power net. Electrical nets will not be generated.
Warning: Electrical net N11810367^^^ has more physical nets than the threshold. One or more of the nets may be a power net. Electrical nets will not be generated.
Note: Net NIRQ0 has more than 25 pins. It may be an unspecified power net.
Note: EnetGenAdapter::PostUpdate(1, H:\PCB001-099\PCB076_Luton28_Enzo_ref_board\Rev1\Layout\Working\Working\PCB\PCB\Work\Layout_Temp\\)
Note: EnetGenAdapter::PostSave(1, H:\PCB001-099\PCB076_Luton28_Enzo_ref_board\Rev1\Layout\Working\Working\PCB\PCB\Work\Layout_Temp\\)
Note:   Data IS modified.
Fri Mar 28 10:44:54 2008

Note: EnetGenAdapter::Init(H:\PCB001-099\PCB076_Luton28_Enzo_ref_board\Rev1\Layout\Working\Working\PCB\PCB\Work\Layout_Temp\\)
Note: EnetGenAdapter::PreSave(H:\PCB001-099\PCB076_Luton28_Enzo_ref_board\Rev1\Layout\Working\Working\PCB\PCB\Work\Layout_Temp\\)
Note: EnetGenAdapter::PostSave(1, H:\PCB001-099\PCB076_Luton28_Enzo_ref_board\Rev1\Layout\Working\Working\PCB\PCB\Work\Layout_Temp\\)
Note:   Data IS NOT modified.
Mon Apr 07 14:17:51 2008

Note: EnetGenAdapter::Init(H:\PCB001-099\PCB076_Luton28_Enzo_ref_board\Rev1\Layout\Working\Working\PCB\PCB\Work\Layout_Temp\\)
Note: EnetGenAdapter::PreUpdate(H:\PCB001-099\PCB076_Luton28_Enzo_ref_board\Rev1\Layout\Working\Working\PCB\PCB\Work\Layout_Temp\\)
Note: EnetGenAdapter::Update(H:\PCB001-099\PCB076_Luton28_Enzo_ref_board\Rev1\Layout\Working\Working\PCB\PCB\Work\Layout_Temp\\)
Warning: Electrical net 5V^^^ has more physical nets than the threshold. One or more of the nets may be a power net. Electrical nets will not be generated.
Warning: Electrical net N11810367^^^ has more physical nets than the threshold. One or more of the nets may be a power net. Electrical nets will not be generated.
Note: Net NIRQ0 has more than 25 pins. It may be an unspecified power net.
Note: EnetGenAdapter::PostUpdate(1, H:\PCB001-099\PCB076_Luton28_Enzo_ref_board\Rev1\Layout\Working\Working\PCB\PCB\Work\Layout_Temp\\)
Note: EnetGenAdapter::PostSave(1, H:\PCB001-099\PCB076_Luton28_Enzo_ref_board\Rev1\Layout\Working\Working\PCB\PCB\Work\Layout_Temp\\)
Note:   Data IS modified.
Mon Apr 07 14:18:48 2008

Note: EnetGenAdapter::Init(H:\PCB001-099\PCB076_Luton28_Enzo_ref_board\Rev1\Layout\Working\Working\PCB\PCB\Work\Layout_Temp\\)
Mon Apr 07 14:38:35 2008

Note: EnetGenAdapter::Init(H:\PCB001-099\PCB076_Luton28_Enzo_ref_board\Rev1\Layout\Working\Working\PCB\PCB\Work\Layout_Temp\\)
Note: EnetGenAdapter::PreUpdate(H:\PCB001-099\PCB076_Luton28_Enzo_ref_board\Rev1\Layout\Working\Working\PCB\PCB\Work\Layout_Temp\\)
Note: EnetGenAdapter::Update(H:\PCB001-099\PCB076_Luton28_Enzo_ref_board\Rev1\Layout\Working\Working\PCB\PCB\Work\Layout_Temp\\)
Warning: Electrical net 5V^^^ has more physical nets than the threshold. One or more of the nets may be a power net. Electrical nets will not be generated.
Warning: Electrical net N11810367^^^ has more physical nets than the threshold. One or more of the nets may be a power net. Electrical nets will not be generated.
Note: Net NIRQ0 has more than 25 pins. It may be an unspecified power net.
Note: EnetGenAdapter::PostUpdate(1, H:\PCB001-099\PCB076_Luton28_Enzo_ref_board\Rev1\Layout\Working\Working\PCB\PCB\Work\Layout_Temp\\)
Note: EnetGenAdapter::PostSave(1, H:\PCB001-099\PCB076_Luton28_Enzo_ref_board\Rev1\Layout\Working\Working\PCB\PCB\Work\Layout_Temp\\)
Note:   Data IS modified.
Mon Apr 07 14:38:49 2008

Note: EnetGenAdapter::Init(H:\PCB001-099\PCB076_Luton28_Enzo_ref_board\Rev1\Layout\Working\Working\PCB\PCB\Work\Layout_Temp\\)
Note: EnetGenAdapter::PreSave(H:\PCB001-099\PCB076_Luton28_Enzo_ref_board\Rev1\Layout\Working\Working\PCB\PCB\Work\Layout_Temp\\)
Note: EnetGenAdapter::PostSave(1, H:\PCB001-099\PCB076_Luton28_Enzo_ref_board\Rev1\Layout\Working\Working\PCB\PCB\Work\Layout_Temp\\)
Note:   Data IS NOT modified.
Note: EnetGenAdapter::PreSave(H:\PCB001-099\PCB076_Luton28_Enzo_ref_board\Rev1\Layout\Working\Working\PCB\PCB\Work\Layout_Temp\\)
Note: EnetGenAdapter::PostSave(1, H:\PCB001-099\PCB076_Luton28_Enzo_ref_board\Rev1\Layout\Working\Working\PCB\PCB\Work\Layout_Temp\\)
Note:   Data IS NOT modified.
Wed Apr 09 09:11:39 2008

Note: EnetGenAdapter::Init(H:\PCB001-099\PCB076_Luton28_Enzo_ref_board\Rev1\Layout\Working\PCB\Work\Layout_Temp\\)
Note: EnetGenAdapter::PreUpdate(H:\PCB001-099\PCB076_Luton28_Enzo_ref_board\Rev1\Layout\Working\PCB\Work\Layout_Temp\\)
Note: EnetGenAdapter::Update(H:\PCB001-099\PCB076_Luton28_Enzo_ref_board\Rev1\Layout\Working\PCB\Work\Layout_Temp\\)
Warning: Electrical net 5V^^^ has more physical nets than the threshold. One or more of the nets may be a power net. Electrical nets will not be generated.
Warning: Electrical net N11810367^^^ has more physical nets than the threshold. One or more of the nets may be a power net. Electrical nets will not be generated.
Note: Net NIRQ0 has more than 25 pins. It may be an unspecified power net.
Note: EnetGenAdapter::PostUpdate(1, H:\PCB001-099\PCB076_Luton28_Enzo_ref_board\Rev1\Layout\Working\PCB\Work\Layout_Temp\\)
Note: EnetGenAdapter::PostSave(1, H:\PCB001-099\PCB076_Luton28_Enzo_ref_board\Rev1\Layout\Working\PCB\Work\Layout_Temp\\)
Note:   Data IS modified.
Wed Apr 09 09:11:52 2008

Note: EnetGenAdapter::Init(H:\PCB001-099\PCB076_Luton28_Enzo_ref_board\Rev1\Layout\Working\PCB\Work\Layout_Temp\\)
Note: EnetGenAdapter::PreSave(H:\PCB001-099\PCB076_Luton28_Enzo_ref_board\Rev1\Layout\Working\PCB\Work\Layout_Temp\\)
Note: EnetGenAdapter::PostSave(1, H:\PCB001-099\PCB076_Luton28_Enzo_ref_board\Rev1\Layout\Working\PCB\Work\Layout_Temp\\)
Note:   Data IS NOT modified.
Wed Apr 09 09:29:03 2008

Note: EnetGenAdapter::Init(H:\PCB001-099\PCB076_Luton28_Enzo_ref_board\Rev1\Layout\Working\PCB\Work\Layout_Temp\\)
Note: EnetGenAdapter::PreUpdate(H:\PCB001-099\PCB076_Luton28_Enzo_ref_board\Rev1\Layout\Working\PCB\Work\Layout_Temp\\)
Note: EnetGenAdapter::Update(H:\PCB001-099\PCB076_Luton28_Enzo_ref_board\Rev1\Layout\Working\PCB\Work\Layout_Temp\\)
Warning: Electrical net 5V^^^ has more physical nets than the threshold. One or more of the nets may be a power net. Electrical nets will not be generated.
Warning: Electrical net N11810367^^^ has more physical nets than the threshold. One or more of the nets may be a power net. Electrical nets will not be generated.
Note: Net NIRQ0 has more than 25 pins. It may be an unspecified power net.
Note: EnetGenAdapter::PostUpdate(1, H:\PCB001-099\PCB076_Luton28_Enzo_ref_board\Rev1\Layout\Working\PCB\Work\Layout_Temp\\)
Note: EnetGenAdapter::PostSave(1, H:\PCB001-099\PCB076_Luton28_Enzo_ref_board\Rev1\Layout\Working\PCB\Work\Layout_Temp\\)
Note:   Data IS modified.
Wed Apr 09 09:29:24 2008

Note: EnetGenAdapter::Init(H:\PCB001-099\PCB076_Luton28_Enzo_ref_board\Rev1\Layout\Working\PCB\Work\Layout_Temp\\)
Note: EnetGenAdapter::PreSave(H:\PCB001-099\PCB076_Luton28_Enzo_ref_board\Rev1\Layout\Working\PCB\Work\Layout_Temp\\)
Note: EnetGenAdapter::PostSave(1, H:\PCB001-099\PCB076_Luton28_Enzo_ref_board\Rev1\Layout\Working\PCB\Work\Layout_Temp\\)
Note:   Data IS NOT modified.
Wed Apr 09 09:37:06 2008

Note: EnetGenAdapter::Init(H:\PCB001-099\PCB076_Luton28_Enzo_ref_board\Rev1\Layout\Working\PCB\Work\Layout_Temp\\)
Note: EnetGenAdapter::PreUpdate(H:\PCB001-099\PCB076_Luton28_Enzo_ref_board\Rev1\Layout\Working\PCB\Work\Layout_Temp\\)
Note: EnetGenAdapter::Update(H:\PCB001-099\PCB076_Luton28_Enzo_ref_board\Rev1\Layout\Working\PCB\Work\Layout_Temp\\)
Warning: Electrical net 5V^^^ has more physical nets than the threshold. One or more of the nets may be a power net. Electrical nets will not be generated.
Warning: Electrical net N11810367^^^ has more physical nets than the threshold. One or more of the nets may be a power net. Electrical nets will not be generated.
Note: Net NIRQ0 has more than 25 pins. It may be an unspecified power net.
Note: EnetGenAdapter::PostUpdate(1, H:\PCB001-099\PCB076_Luton28_Enzo_ref_board\Rev1\Layout\Working\PCB\Work\Layout_Temp\\)
Note: EnetGenAdapter::PostSave(1, H:\PCB001-099\PCB076_Luton28_Enzo_ref_board\Rev1\Layout\Working\PCB\Work\Layout_Temp\\)
Note:   Data IS modified.
Wed Apr 09 09:37:20 2008

Note: EnetGenAdapter::Init(H:\PCB001-099\PCB076_Luton28_Enzo_ref_board\Rev1\Layout\Working\PCB\Work\Layout_Temp\\)
Note: EnetGenAdapter::PreSave(H:\PCB001-099\PCB076_Luton28_Enzo_ref_board\Rev1\Layout\Working\PCB\Work\Layout_Temp\\)
Note: EnetGenAdapter::PostSave(1, H:\PCB001-099\PCB076_Luton28_Enzo_ref_board\Rev1\Layout\Working\PCB\Work\Layout_Temp\\)
Note:   Data IS NOT modified.
Wed Apr 09 09:40:46 2008

Note: EnetGenAdapter::Init(H:\PCB001-099\PCB076_Luton28_Enzo_ref_board\Rev1\Layout\Working\PCB\Work\Layout_Temp\\)
Note: EnetGenAdapter::PreUpdate(H:\PCB001-099\PCB076_Luton28_Enzo_ref_board\Rev1\Layout\Working\PCB\Work\Layout_Temp\\)
Note: EnetGenAdapter::Update(H:\PCB001-099\PCB076_Luton28_Enzo_ref_board\Rev1\Layout\Working\PCB\Work\Layout_Temp\\)
Warning: Electrical net 5V^^^ has more physical nets than the threshold. One or more of the nets may be a power net. Electrical nets will not be generated.
Warning: Electrical net N11810367^^^ has more physical nets than the threshold. One or more of the nets may be a power net. Electrical nets will not be generated.
Note: Net NIRQ0 has more than 25 pins. It may be an unspecified power net.
Note: EnetGenAdapter::PostUpdate(1, H:\PCB001-099\PCB076_Luton28_Enzo_ref_board\Rev1\Layout\Working\PCB\Work\Layout_Temp\\)
Note: EnetGenAdapter::PostSave(1, H:\PCB001-099\PCB076_Luton28_Enzo_ref_board\Rev1\Layout\Working\PCB\Work\Layout_Temp\\)
Note:   Data IS modified.
Wed Apr 09 09:41:08 2008

Note: EnetGenAdapter::Init(H:\PCB001-099\PCB076_Luton28_Enzo_ref_board\Rev1\Layout\Working\PCB\Work\Layout_Temp\\)
Note: EnetGenAdapter::PreSave(H:\PCB001-099\PCB076_Luton28_Enzo_ref_board\Rev1\Layout\Working\PCB\Work\Layout_Temp\\)
Note: EnetGenAdapter::PostSave(1, H:\PCB001-099\PCB076_Luton28_Enzo_ref_board\Rev1\Layout\Working\PCB\Work\Layout_Temp\\)
Note:   Data IS NOT modified.
Wed Apr 09 09:45:00 2008

Note: EnetGenAdapter::Init(H:\PCB001-099\PCB076_Luton28_Enzo_ref_board\Rev1\Layout\Working\PCB\Work\Layout_Temp\\)
Note: EnetGenAdapter::PreUpdate(H:\PCB001-099\PCB076_Luton28_Enzo_ref_board\Rev1\Layout\Working\PCB\Work\Layout_Temp\\)
Note: EnetGenAdapter::Update(H:\PCB001-099\PCB076_Luton28_Enzo_ref_board\Rev1\Layout\Working\PCB\Work\Layout_Temp\\)
Warning: Electrical net 5V^^^ has more physical nets than the threshold. One or more of the nets may be a power net. Electrical nets will not be generated.
Warning: Electrical net N11810367^^^ has more physical nets than the threshold. One or more of the nets may be a power net. Electrical nets will not be generated.
Note: Net NIRQ0 has more than 25 pins. It may be an unspecified power net.
Note: EnetGenAdapter::PostUpdate(1, H:\PCB001-099\PCB076_Luton28_Enzo_ref_board\Rev1\Layout\Working\PCB\Work\Layout_Temp\\)
Note: EnetGenAdapter::PostSave(1, H:\PCB001-099\PCB076_Luton28_Enzo_ref_board\Rev1\Layout\Working\PCB\Work\Layout_Temp\\)
Note:   Data IS modified.
Wed Apr 09 09:45:17 2008

Note: EnetGenAdapter::Init(H:\PCB001-099\PCB076_Luton28_Enzo_ref_board\Rev1\Layout\Working\PCB\Work\Layout_Temp\\)
Note: EnetGenAdapter::PreSave(H:\PCB001-099\PCB076_Luton28_Enzo_ref_board\Rev1\Layout\Working\PCB\Work\Layout_Temp\\)
Note: EnetGenAdapter::PostSave(1, H:\PCB001-099\PCB076_Luton28_Enzo_ref_board\Rev1\Layout\Working\PCB\Work\Layout_Temp\\)
Note:   Data IS NOT modified.
Wed Apr 09 10:17:51 2008

Note: EnetGenAdapter::Init(H:\PCB001-099\PCB076_Luton28_Enzo_ref_board\Rev1\Layout\Working\PCB\Work\Layout_Temp\\)
Note: EnetGenAdapter::PreUpdate(H:\PCB001-099\PCB076_Luton28_Enzo_ref_board\Rev1\Layout\Working\PCB\Work\Layout_Temp\\)
Note: EnetGenAdapter::Update(H:\PCB001-099\PCB076_Luton28_Enzo_ref_board\Rev1\Layout\Working\PCB\Work\Layout_Temp\\)
Warning: Electrical net 5V^^^ has more physical nets than the threshold. One or more of the nets may be a power net. Electrical nets will not be generated.
Warning: Electrical net N11810367^^^ has more physical nets than the threshold. One or more of the nets may be a power net. Electrical nets will not be generated.
Note: Net NIRQ0 has more than 25 pins. It may be an unspecified power net.
Note: EnetGenAdapter::PostUpdate(1, H:\PCB001-099\PCB076_Luton28_Enzo_ref_board\Rev1\Layout\Working\PCB\Work\Layout_Temp\\)
Note: EnetGenAdapter::PostSave(1, H:\PCB001-099\PCB076_Luton28_Enzo_ref_board\Rev1\Layout\Working\PCB\Work\Layout_Temp\\)
Note:   Data IS modified.
Wed Apr 09 10:18:47 2008

Note: EnetGenAdapter::Init(H:\PCB001-099\PCB076_Luton28_Enzo_ref_board\Rev1\Layout\Working\PCB\Work\Layout_Temp\\)
Note: EnetGenAdapter::PreSave(H:\PCB001-099\PCB076_Luton28_Enzo_ref_board\Rev1\Layout\Working\PCB\Work\Layout_Temp\\)
Note: EnetGenAdapter::PostSave(1, H:\PCB001-099\PCB076_Luton28_Enzo_ref_board\Rev1\Layout\Working\PCB\Work\Layout_Temp\\)
Note:   Data IS NOT modified.
Note: EnetGenAdapter::PreSave(H:\PCB001-099\PCB076_Luton28_Enzo_ref_board\Rev1\Layout\Working\PCB\Work\Layout_Temp\\)
Note: EnetGenAdapter::PostSave(1, H:\PCB001-099\PCB076_Luton28_Enzo_ref_board\Rev1\Layout\Working\PCB\Work\Layout_Temp\\)
Note:   Data IS NOT modified.
Wed Apr 09 11:43:56 2008

Note: EnetGenAdapter::Init(H:\PCB001-099\PCB076_Luton28_Enzo_ref_board\Rev1\Layout\Working\PCB\Work\Layout_Temp\\)
Note: EnetGenAdapter::PreUpdate(H:\PCB001-099\PCB076_Luton28_Enzo_ref_board\Rev1\Layout\Working\PCB\Work\Layout_Temp\\)
Note: EnetGenAdapter::Update(H:\PCB001-099\PCB076_Luton28_Enzo_ref_board\Rev1\Layout\Working\PCB\Work\Layout_Temp\\)
Warning: Electrical net 5V^^^ has more physical nets than the threshold. One or more of the nets may be a power net. Electrical nets will not be generated.
Warning: Electrical net N11810367^^^ has more physical nets than the threshold. One or more of the nets may be a power net. Electrical nets will not be generated.
Note: Net NIRQ0 has more than 25 pins. It may be an unspecified power net.
Note: EnetGenAdapter::PostUpdate(1, H:\PCB001-099\PCB076_Luton28_Enzo_ref_board\Rev1\Layout\Working\PCB\Work\Layout_Temp\\)
Note: EnetGenAdapter::PostSave(1, H:\PCB001-099\PCB076_Luton28_Enzo_ref_board\Rev1\Layout\Working\PCB\Work\Layout_Temp\\)
Note:   Data IS modified.
Wed Apr 09 11:44:18 2008

Note: EnetGenAdapter::Init(H:\PCB001-099\PCB076_Luton28_Enzo_ref_board\Rev1\Layout\Working\PCB\Work\Layout_Temp\\)
