Fri Sep 14 09:52:58 2012

Project path: H:\PCB100-199\PCB100_Jaguar_CU48_ref_board\Rev1\Layout\01-00 - Copy\keyin.icdb

Before global upgrade
Upgrade snapshot PCB
Upgrade snapshot PCB_Layout_Temp
After global upgrade
Constraints definition "HLT_CASING_TACT" deleted.
Constraints definition "HLT_JUNCTION_TACT" deleted.
Constraints definition "HLT_CASING_TACT" added.
Constraints definition "HLT_JUNCTION_TACT" added.
Constraints definition "MATCH_GROUP" levels updated.
Constraints definition "SIM_DELAY_MATCH_TO" levels updated.
Constraints definition "SIM_DELAY_TYPE" levels updated.
Constraints definition "SIM_MAX_DELAY" levels updated.
Constraints definition "SIM_MIN_DELAY" levels updated.
Constraints definition "STUB_LENGTH" levels updated.
Constraints definition "DP_SPACE" parents updated.
Constraints definition "MATCH_GROUP" parents updated.
Constraints definition "MATCH_TOLERANCE" parents updated.
Constraints definition "MAX_DYN_HI_OVERSHOOT" parents updated.
Constraints definition "MAX_DYN_LO_OVERSHOOT" parents updated.
Constraints definition "MAX_HIGH_RINGBACK" parents updated.
Constraints definition "MAX_LOW_RINGBACK" parents updated.
Constraints definition "MAX_STATIC_HI_OVERSHOOT" parents updated.
Constraints definition "MAX_STATIC_LO_OVERSHOOT" parents updated.
Constraints definition "SIM_DELAY_OFFSET" parents updated.
Constraints definition "SIM_MATCH_TOL" parents updated.
